ERROR [Thread-7] 2021-05-23 13:39:39,115 repast.simphony.data2.AggregateDSCreator$ADS - Aggregate Data Source Error: Data Source 'Coverage' is non-numeric
java.lang.ClassCastException: java.util.LinkedHashSet cannot be cast to java.lang.Number
	at repast.simphony.data2.AggregateDSCreator$ObjectCalculator.calcStats(AggregateDSCreator.java:54)
	at repast.simphony.data2.AggregateDSCreator$ADS.get(AggregateDSCreator.java:111)
	at repast.simphony.data2.AggregateDataSet.record(AggregateDataSet.java:80)
	at repast.simphony.data2.AbstractDataSetManager$ScheduledDataSet.execute(AbstractDataSetManager.java:119)
	at repast.simphony.engine.schedule.DefaultAction.execute(DefaultAction.java:38)
	at repast.simphony.engine.schedule.ScheduleGroup.executeList(ScheduleGroup.java:205)
	at repast.simphony.engine.schedule.ScheduleGroup.execute(ScheduleGroup.java:238)
	at repast.simphony.engine.schedule.Schedule.execute(Schedule.java:352)
	at repast.simphony.ui.GUIScheduleRunner$ScheduleLoopRunnable.run(GUIScheduleRunner.java:52)
	at java.lang.Thread.run(Unknown Source)
ERROR [Thread-7] 2021-05-23 13:39:39,125 repast.simphony.data2.AggregateDSCreator$ADS - Aggregate Data Source Error: Data Source 'Coverage' is non-numeric
java.lang.ClassCastException: java.util.LinkedHashSet cannot be cast to java.lang.Number
	at repast.simphony.data2.AggregateDSCreator$ObjectCalculator.calcStats(AggregateDSCreator.java:54)
	at repast.simphony.data2.AggregateDSCreator$ADS.get(AggregateDSCreator.java:111)
	at repast.simphony.data2.AggregateDataSet.record(AggregateDataSet.java:80)
	at repast.simphony.data2.AbstractDataSetManager$ScheduledDataSet.execute(AbstractDataSetManager.java:119)
	at repast.simphony.engine.schedule.DefaultAction.execute(DefaultAction.java:38)
	at repast.simphony.engine.schedule.ScheduleGroup.executeList(ScheduleGroup.java:205)
	at repast.simphony.engine.schedule.ScheduleGroup.execute(ScheduleGroup.java:238)
	at repast.simphony.engine.schedule.Schedule.execute(Schedule.java:352)
	at repast.simphony.ui.GUIScheduleRunner$ScheduleLoopRunnable.run(GUIScheduleRunner.java:52)
	at java.lang.Thread.run(Unknown Source)
ERROR [Thread-7] 2021-05-23 13:39:39,125 repast.simphony.data2.AggregateDSCreator$ADS - Aggregate Data Source Error: Data Source 'Coverage' is non-numeric
java.lang.ClassCastException: java.util.LinkedHashSet cannot be cast to java.lang.Number
	at repast.simphony.data2.AggregateDSCreator$ObjectCalculator.calcStats(AggregateDSCreator.java:54)
	at repast.simphony.data2.AggregateDSCreator$ADS.get(AggregateDSCreator.java:111)
	at repast.simphony.data2.AggregateDataSet.record(AggregateDataSet.java:80)
	at repast.simphony.data2.AbstractDataSetManager$ScheduledDataSet.execute(AbstractDataSetManager.java:119)
	at repast.simphony.engine.schedule.DefaultAction.execute(DefaultAction.java:38)
	at repast.simphony.engine.schedule.ScheduleGroup.executeList(ScheduleGroup.java:205)
	at repast.simphony.engine.schedule.ScheduleGroup.execute(ScheduleGroup.java:238)
	at repast.simphony.engine.schedule.Schedule.execute(Schedule.java:352)
	at repast.simphony.ui.GUIScheduleRunner$ScheduleLoopRunnable.run(GUIScheduleRunner.java:52)
	at java.lang.Thread.run(Unknown Source)
ERROR [Thread-7] 2021-05-23 13:39:39,125 repast.simphony.data2.AggregateDSCreator$ADS - Aggregate Data Source Error: Data Source 'Coverage' is non-numeric
java.lang.ClassCastException: java.util.LinkedHashSet cannot be cast to java.lang.Number
	at repast.simphony.data2.AggregateDSCreator$ObjectCalculator.calcStats(AggregateDSCreator.java:54)
	at repast.simphony.data2.AggregateDSCreator$ADS.get(AggregateDSCreator.java:111)
	at repast.simphony.data2.AggregateDataSet.record(AggregateDataSet.java:80)
	at repast.simphony.data2.AbstractDataSetManager$ScheduledDataSet.execute(AbstractDataSetManager.java:119)
	at repast.simphony.engine.schedule.DefaultAction.execute(DefaultAction.java:38)
	at repast.simphony.engine.schedule.ScheduleGroup.executeList(ScheduleGroup.java:205)
	at repast.simphony.engine.schedule.ScheduleGroup.execute(ScheduleGroup.java:238)
	at repast.simphony.engine.schedule.Schedule.execute(Schedule.java:352)
	at repast.simphony.ui.GUIScheduleRunner$ScheduleLoopRunnable.run(GUIScheduleRunner.java:52)
	at java.lang.Thread.run(Unknown Source)
ERROR [Thread-7] 2021-05-23 13:39:39,125 repast.simphony.data2.AggregateDSCreator$ADS - Aggregate Data Source Error: Data Source 'Coverage' is non-numeric
java.lang.ClassCastException: java.util.LinkedHashSet cannot be cast to java.lang.Number
	at repast.simphony.data2.AggregateDSCreator$ObjectCalculator.calcStats(AggregateDSCreator.java:54)
	at repast.simphony.data2.AggregateDSCreator$ADS.get(AggregateDSCreator.java:111)
	at repast.simphony.data2.AggregateDataSet.record(AggregateDataSet.java:80)
	at repast.simphony.data2.AbstractDataSetManager$ScheduledDataSet.execute(AbstractDataSetManager.java:119)
	at repast.simphony.engine.schedule.DefaultAction.execute(DefaultAction.java:38)
	at repast.simphony.engine.schedule.ScheduleGroup.executeList(ScheduleGroup.java:205)
	at repast.simphony.engine.schedule.ScheduleGroup.execute(ScheduleGroup.java:238)
	at repast.simphony.engine.schedule.Schedule.execute(Schedule.java:352)
	at repast.simphony.ui.GUIScheduleRunner$ScheduleLoopRunnable.run(GUIScheduleRunner.java:52)
	at java.lang.Thread.run(Unknown Source)
ERROR [Thread-7] 2021-05-23 13:39:39,125 repast.simphony.data2.AggregateDSCreator$ADS - Aggregate Data Source Error: Data Source 'Coverage' is non-numeric
java.lang.ClassCastException: java.util.LinkedHashSet cannot be cast to java.lang.Number
	at repast.simphony.data2.AggregateDSCreator$ObjectCalculator.calcStats(AggregateDSCreator.java:54)
	at repast.simphony.data2.AggregateDSCreator$ADS.get(AggregateDSCreator.java:111)
	at repast.simphony.data2.AggregateDataSet.record(AggregateDataSet.java:80)
	at repast.simphony.data2.AbstractDataSetManager$ScheduledDataSet.execute(AbstractDataSetManager.java:119)
	at repast.simphony.engine.schedule.DefaultAction.execute(DefaultAction.java:38)
	at repast.simphony.engine.schedule.ScheduleGroup.executeList(ScheduleGroup.java:205)
	at repast.simphony.engine.schedule.ScheduleGroup.execute(ScheduleGroup.java:238)
	at repast.simphony.engine.schedule.Schedule.execute(Schedule.java:352)
	at repast.simphony.ui.GUIScheduleRunner$ScheduleLoopRunnable.run(GUIScheduleRunner.java:52)
	at java.lang.Thread.run(Unknown Source)
ERROR [Thread-7] 2021-05-23 13:39:39,125 repast.simphony.data2.AggregateDSCreator$ADS - Aggregate Data Source Error: Data Source 'Coverage' is non-numeric
java.lang.ClassCastException: java.util.LinkedHashSet cannot be cast to java.lang.Number
	at repast.simphony.data2.AggregateDSCreator$ObjectCalculator.calcStats(AggregateDSCreator.java:54)
	at repast.simphony.data2.AggregateDSCreator$ADS.get(AggregateDSCreator.java:111)
	at repast.simphony.data2.AggregateDataSet.record(AggregateDataSet.java:80)
	at repast.simphony.data2.AbstractDataSetManager$ScheduledDataSet.execute(AbstractDataSetManager.java:119)
	at repast.simphony.engine.schedule.DefaultAction.execute(DefaultAction.java:38)
	at repast.simphony.engine.schedule.ScheduleGroup.executeList(ScheduleGroup.java:205)
	at repast.simphony.engine.schedule.ScheduleGroup.execute(ScheduleGroup.java:238)
	at repast.simphony.engine.schedule.Schedule.execute(Schedule.java:352)
	at repast.simphony.ui.GUIScheduleRunner$ScheduleLoopRunnable.run(GUIScheduleRunner.java:52)
	at java.lang.Thread.run(Unknown Source)
ERROR [Thread-7] 2021-05-23 13:39:39,135 repast.simphony.data2.AggregateDSCreator$ADS - Aggregate Data Source Error: Data Source 'Coverage' is non-numeric
java.lang.ClassCastException: java.util.LinkedHashSet cannot be cast to java.lang.Number
	at repast.simphony.data2.AggregateDSCreator$ObjectCalculator.calcStats(AggregateDSCreator.java:54)
	at repast.simphony.data2.AggregateDSCreator$ADS.get(AggregateDSCreator.java:111)
	at repast.simphony.data2.AggregateDataSet.record(AggregateDataSet.java:80)
	at repast.simphony.data2.AbstractDataSetManager$ScheduledDataSet.execute(AbstractDataSetManager.java:119)
	at repast.simphony.engine.schedule.DefaultAction.execute(DefaultAction.java:38)
	at repast.simphony.engine.schedule.ScheduleGroup.executeList(ScheduleGroup.java:205)
	at repast.simphony.engine.schedule.ScheduleGroup.execute(ScheduleGroup.java:238)
	at repast.simphony.engine.schedule.Schedule.execute(Schedule.java:352)
	at repast.simphony.ui.GUIScheduleRunner$ScheduleLoopRunnable.run(GUIScheduleRunner.java:52)
	at java.lang.Thread.run(Unknown Source)
ERROR [Thread-7] 2021-05-23 13:39:39,135 repast.simphony.data2.AggregateDSCreator$ADS - Aggregate Data Source Error: Data Source 'Coverage' is non-numeric
java.lang.ClassCastException: java.util.LinkedHashSet cannot be cast to java.lang.Number
	at repast.simphony.data2.AggregateDSCreator$ObjectCalculator.calcStats(AggregateDSCreator.java:54)
	at repast.simphony.data2.AggregateDSCreator$ADS.get(AggregateDSCreator.java:111)
	at repast.simphony.data2.AggregateDataSet.record(AggregateDataSet.java:80)
	at repast.simphony.data2.AbstractDataSetManager$ScheduledDataSet.execute(AbstractDataSetManager.java:119)
	at repast.simphony.engine.schedule.DefaultAction.execute(DefaultAction.java:38)
	at repast.simphony.engine.schedule.ScheduleGroup.executeList(ScheduleGroup.java:205)
	at repast.simphony.engine.schedule.ScheduleGroup.execute(ScheduleGroup.java:238)
	at repast.simphony.engine.schedule.Schedule.execute(Schedule.java:352)
	at repast.simphony.ui.GUIScheduleRunner$ScheduleLoopRunnable.run(GUIScheduleRunner.java:52)
	at java.lang.Thread.run(Unknown Source)
ERROR [Thread-7] 2021-05-23 13:39:39,135 repast.simphony.data2.AggregateDSCreator$ADS - Aggregate Data Source Error: Data Source 'Coverage' is non-numeric
java.lang.ClassCastException: java.util.LinkedHashSet cannot be cast to java.lang.Number
	at repast.simphony.data2.AggregateDSCreator$ObjectCalculator.calcStats(AggregateDSCreator.java:54)
	at repast.simphony.data2.AggregateDSCreator$ADS.get(AggregateDSCreator.java:111)
	at repast.simphony.data2.AggregateDataSet.record(AggregateDataSet.java:80)
	at repast.simphony.data2.AbstractDataSetManager$ScheduledDataSet.execute(AbstractDataSetManager.java:119)
	at repast.simphony.engine.schedule.DefaultAction.execute(DefaultAction.java:38)
	at repast.simphony.engine.schedule.ScheduleGroup.executeList(ScheduleGroup.java:205)
	at repast.simphony.engine.schedule.ScheduleGroup.execute(ScheduleGroup.java:238)
	at repast.simphony.engine.schedule.Schedule.execute(Schedule.java:352)
	at repast.simphony.ui.GUIScheduleRunner$ScheduleLoopRunnable.run(GUIScheduleRunner.java:52)
	at java.lang.Thread.run(Unknown Source)
ERROR [Thread-7] 2021-05-23 13:39:39,135 repast.simphony.data2.AggregateDSCreator$ADS - Aggregate Data Source Error: Data Source 'Coverage' is non-numeric
java.lang.ClassCastException: java.util.LinkedHashSet cannot be cast to java.lang.Number
	at repast.simphony.data2.AggregateDSCreator$ObjectCalculator.calcStats(AggregateDSCreator.java:54)
	at repast.simphony.data2.AggregateDSCreator$ADS.get(AggregateDSCreator.java:111)
	at repast.simphony.data2.AggregateDataSet.record(AggregateDataSet.java:80)
	at repast.simphony.data2.AbstractDataSetManager$ScheduledDataSet.execute(AbstractDataSetManager.java:119)
	at repast.simphony.engine.schedule.DefaultAction.execute(DefaultAction.java:38)
	at repast.simphony.engine.schedule.ScheduleGroup.executeList(ScheduleGroup.java:205)
	at repast.simphony.engine.schedule.ScheduleGroup.execute(ScheduleGroup.java:238)
	at repast.simphony.engine.schedule.Schedule.execute(Schedule.java:352)
	at repast.simphony.ui.GUIScheduleRunner$ScheduleLoopRunnable.run(GUIScheduleRunner.java:52)
	at java.lang.Thread.run(Unknown Source)
ERROR [Thread-7] 2021-05-23 13:39:39,135 repast.simphony.data2.AggregateDSCreator$ADS - Aggregate Data Source Error: Data Source 'Coverage' is non-numeric
java.lang.ClassCastException: java.util.LinkedHashSet cannot be cast to java.lang.Number
	at repast.simphony.data2.AggregateDSCreator$ObjectCalculator.calcStats(AggregateDSCreator.java:54)
	at repast.simphony.data2.AggregateDSCreator$ADS.get(AggregateDSCreator.java:111)
	at repast.simphony.data2.AggregateDataSet.record(AggregateDataSet.java:80)
	at repast.simphony.data2.AbstractDataSetManager$ScheduledDataSet.execute(AbstractDataSetManager.java:119)
	at repast.simphony.engine.schedule.DefaultAction.execute(DefaultAction.java:38)
	at repast.simphony.engine.schedule.ScheduleGroup.executeList(ScheduleGroup.java:205)
	at repast.simphony.engine.schedule.ScheduleGroup.execute(ScheduleGroup.java:238)
	at repast.simphony.engine.schedule.Schedule.execute(Schedule.java:352)
	at repast.simphony.ui.GUIScheduleRunner$ScheduleLoopRunnable.run(GUIScheduleRunner.java:52)
	at java.lang.Thread.run(Unknown Source)
ERROR [Thread-7] 2021-05-23 13:39:39,135 repast.simphony.data2.AggregateDSCreator$ADS - Aggregate Data Source Error: Data Source 'Coverage' is non-numeric
java.lang.ClassCastException: java.util.LinkedHashSet cannot be cast to java.lang.Number
	at repast.simphony.data2.AggregateDSCreator$ObjectCalculator.calcStats(AggregateDSCreator.java:54)
	at repast.simphony.data2.AggregateDSCreator$ADS.get(AggregateDSCreator.java:111)
	at repast.simphony.data2.AggregateDataSet.record(AggregateDataSet.java:80)
	at repast.simphony.data2.AbstractDataSetManager$ScheduledDataSet.execute(AbstractDataSetManager.java:119)
	at repast.simphony.engine.schedule.DefaultAction.execute(DefaultAction.java:38)
	at repast.simphony.engine.schedule.ScheduleGroup.executeList(ScheduleGroup.java:205)
	at repast.simphony.engine.schedule.ScheduleGroup.execute(ScheduleGroup.java:238)
	at repast.simphony.engine.schedule.Schedule.execute(Schedule.java:352)
	at repast.simphony.ui.GUIScheduleRunner$ScheduleLoopRunnable.run(GUIScheduleRunner.java:52)
	at java.lang.Thread.run(Unknown Source)
ERROR [Thread-7] 2021-05-23 13:39:39,135 repast.simphony.data2.AggregateDSCreator$ADS - Aggregate Data Source Error: Data Source 'Coverage' is non-numeric
java.lang.ClassCastException: java.util.LinkedHashSet cannot be cast to java.lang.Number
	at repast.simphony.data2.AggregateDSCreator$ObjectCalculator.calcStats(AggregateDSCreator.java:54)
	at repast.simphony.data2.AggregateDSCreator$ADS.get(AggregateDSCreator.java:111)
	at repast.simphony.data2.AggregateDataSet.record(AggregateDataSet.java:80)
	at repast.simphony.data2.AbstractDataSetManager$ScheduledDataSet.execute(AbstractDataSetManager.java:119)
	at repast.simphony.engine.schedule.DefaultAction.execute(DefaultAction.java:38)
	at repast.simphony.engine.schedule.ScheduleGroup.executeList(ScheduleGroup.java:205)
	at repast.simphony.engine.schedule.ScheduleGroup.execute(ScheduleGroup.java:238)
	at repast.simphony.engine.schedule.Schedule.execute(Schedule.java:352)
	at repast.simphony.ui.GUIScheduleRunner$ScheduleLoopRunnable.run(GUIScheduleRunner.java:52)
	at java.lang.Thread.run(Unknown Source)
ERROR [Thread-7] 2021-05-23 13:39:39,135 repast.simphony.data2.AggregateDSCreator$ADS - Aggregate Data Source Error: Data Source 'Coverage' is non-numeric
java.lang.ClassCastException: java.util.LinkedHashSet cannot be cast to java.lang.Number
	at repast.simphony.data2.AggregateDSCreator$ObjectCalculator.calcStats(AggregateDSCreator.java:54)
	at repast.simphony.data2.AggregateDSCreator$ADS.get(AggregateDSCreator.java:111)
	at repast.simphony.data2.AggregateDataSet.record(AggregateDataSet.java:80)
	at repast.simphony.data2.AbstractDataSetManager$ScheduledDataSet.execute(AbstractDataSetManager.java:119)
	at repast.simphony.engine.schedule.DefaultAction.execute(DefaultAction.java:38)
	at repast.simphony.engine.schedule.ScheduleGroup.executeList(ScheduleGroup.java:205)
	at repast.simphony.engine.schedule.ScheduleGroup.execute(ScheduleGroup.java:238)
	at repast.simphony.engine.schedule.Schedule.execute(Schedule.java:352)
	at repast.simphony.ui.GUIScheduleRunner$ScheduleLoopRunnable.run(GUIScheduleRunner.java:52)
	at java.lang.Thread.run(Unknown Source)
ERROR [Thread-7] 2021-05-23 13:39:39,135 repast.simphony.data2.AggregateDSCreator$ADS - Aggregate Data Source Error: Data Source 'Coverage' is non-numeric
java.lang.ClassCastException: java.util.LinkedHashSet cannot be cast to java.lang.Number
	at repast.simphony.data2.AggregateDSCreator$ObjectCalculator.calcStats(AggregateDSCreator.java:54)
	at repast.simphony.data2.AggregateDSCreator$ADS.get(AggregateDSCreator.java:111)
	at repast.simphony.data2.AggregateDataSet.record(AggregateDataSet.java:80)
	at repast.simphony.data2.AbstractDataSetManager$ScheduledDataSet.execute(AbstractDataSetManager.java:119)
	at repast.simphony.engine.schedule.DefaultAction.execute(DefaultAction.java:38)
	at repast.simphony.engine.schedule.ScheduleGroup.executeList(ScheduleGroup.java:205)
	at repast.simphony.engine.schedule.ScheduleGroup.execute(ScheduleGroup.java:238)
	at repast.simphony.engine.schedule.Schedule.execute(Schedule.java:352)
	at repast.simphony.ui.GUIScheduleRunner$ScheduleLoopRunnable.run(GUIScheduleRunner.java:52)
	at java.lang.Thread.run(Unknown Source)
ERROR [Thread-7] 2021-05-23 13:39:39,145 repast.simphony.data2.AggregateDSCreator$ADS - Aggregate Data Source Error: Data Source 'Coverage' is non-numeric
java.lang.ClassCastException: java.util.LinkedHashSet cannot be cast to java.lang.Number
	at repast.simphony.data2.AggregateDSCreator$ObjectCalculator.calcStats(AggregateDSCreator.java:54)
	at repast.simphony.data2.AggregateDSCreator$ADS.get(AggregateDSCreator.java:111)
	at repast.simphony.data2.AggregateDataSet.record(AggregateDataSet.java:80)
	at repast.simphony.data2.AbstractDataSetManager$ScheduledDataSet.execute(AbstractDataSetManager.java:119)
	at repast.simphony.engine.schedule.DefaultAction.execute(DefaultAction.java:38)
	at repast.simphony.engine.schedule.ScheduleGroup.executeList(ScheduleGroup.java:205)
	at repast.simphony.engine.schedule.ScheduleGroup.execute(ScheduleGroup.java:238)
	at repast.simphony.engine.schedule.Schedule.execute(Schedule.java:352)
	at repast.simphony.ui.GUIScheduleRunner$ScheduleLoopRunnable.run(GUIScheduleRunner.java:52)
	at java.lang.Thread.run(Unknown Source)
ERROR [Thread-7] 2021-05-23 13:39:39,145 repast.simphony.data2.AggregateDSCreator$ADS - Aggregate Data Source Error: Data Source 'Coverage' is non-numeric
java.lang.ClassCastException: java.util.LinkedHashSet cannot be cast to java.lang.Number
	at repast.simphony.data2.AggregateDSCreator$ObjectCalculator.calcStats(AggregateDSCreator.java:54)
	at repast.simphony.data2.AggregateDSCreator$ADS.get(AggregateDSCreator.java:111)
	at repast.simphony.data2.AggregateDataSet.record(AggregateDataSet.java:80)
	at repast.simphony.data2.AbstractDataSetManager$ScheduledDataSet.execute(AbstractDataSetManager.java:119)
	at repast.simphony.engine.schedule.DefaultAction.execute(DefaultAction.java:38)
	at repast.simphony.engine.schedule.ScheduleGroup.executeList(ScheduleGroup.java:205)
	at repast.simphony.engine.schedule.ScheduleGroup.execute(ScheduleGroup.java:238)
	at repast.simphony.engine.schedule.Schedule.execute(Schedule.java:352)
	at repast.simphony.ui.GUIScheduleRunner$ScheduleLoopRunnable.run(GUIScheduleRunner.java:52)
	at java.lang.Thread.run(Unknown Source)
ERROR [Thread-7] 2021-05-23 13:39:39,145 repast.simphony.data2.AggregateDSCreator$ADS - Aggregate Data Source Error: Data Source 'Coverage' is non-numeric
java.lang.ClassCastException: java.util.LinkedHashSet cannot be cast to java.lang.Number
	at repast.simphony.data2.AggregateDSCreator$ObjectCalculator.calcStats(AggregateDSCreator.java:54)
	at repast.simphony.data2.AggregateDSCreator$ADS.get(AggregateDSCreator.java:111)
	at repast.simphony.data2.AggregateDataSet.record(AggregateDataSet.java:80)
	at repast.simphony.data2.AbstractDataSetManager$ScheduledDataSet.execute(AbstractDataSetManager.java:119)
	at repast.simphony.engine.schedule.DefaultAction.execute(DefaultAction.java:38)
	at repast.simphony.engine.schedule.ScheduleGroup.executeList(ScheduleGroup.java:205)
	at repast.simphony.engine.schedule.ScheduleGroup.execute(ScheduleGroup.java:238)
	at repast.simphony.engine.schedule.Schedule.execute(Schedule.java:352)
	at repast.simphony.ui.GUIScheduleRunner$ScheduleLoopRunnable.run(GUIScheduleRunner.java:52)
	at java.lang.Thread.run(Unknown Source)
ERROR [Thread-7] 2021-05-23 13:39:39,145 repast.simphony.data2.AggregateDSCreator$ADS - Aggregate Data Source Error: Data Source 'Coverage' is non-numeric
java.lang.ClassCastException: java.util.LinkedHashSet cannot be cast to java.lang.Number
	at repast.simphony.data2.AggregateDSCreator$ObjectCalculator.calcStats(AggregateDSCreator.java:54)
	at repast.simphony.data2.AggregateDSCreator$ADS.get(AggregateDSCreator.java:111)
	at repast.simphony.data2.AggregateDataSet.record(AggregateDataSet.java:80)
	at repast.simphony.data2.AbstractDataSetManager$ScheduledDataSet.execute(AbstractDataSetManager.java:119)
	at repast.simphony.engine.schedule.DefaultAction.execute(DefaultAction.java:38)
	at repast.simphony.engine.schedule.ScheduleGroup.executeList(ScheduleGroup.java:205)
	at repast.simphony.engine.schedule.ScheduleGroup.execute(ScheduleGroup.java:238)
	at repast.simphony.engine.schedule.Schedule.execute(Schedule.java:352)
	at repast.simphony.ui.GUIScheduleRunner$ScheduleLoopRunnable.run(GUIScheduleRunner.java:52)
	at java.lang.Thread.run(Unknown Source)
ERROR [Thread-7] 2021-05-23 13:39:39,145 repast.simphony.data2.AggregateDSCreator$ADS - Aggregate Data Source Error: Data Source 'Coverage' is non-numeric
java.lang.ClassCastException: java.util.LinkedHashSet cannot be cast to java.lang.Number
	at repast.simphony.data2.AggregateDSCreator$ObjectCalculator.calcStats(AggregateDSCreator.java:54)
	at repast.simphony.data2.AggregateDSCreator$ADS.get(AggregateDSCreator.java:111)
	at repast.simphony.data2.AggregateDataSet.record(AggregateDataSet.java:80)
	at repast.simphony.data2.AbstractDataSetManager$ScheduledDataSet.execute(AbstractDataSetManager.java:119)
	at repast.simphony.engine.schedule.DefaultAction.execute(DefaultAction.java:38)
	at repast.simphony.engine.schedule.ScheduleGroup.executeList(ScheduleGroup.java:205)
	at repast.simphony.engine.schedule.ScheduleGroup.execute(ScheduleGroup.java:238)
	at repast.simphony.engine.schedule.Schedule.execute(Schedule.java:352)
	at repast.simphony.ui.GUIScheduleRunner$ScheduleLoopRunnable.run(GUIScheduleRunner.java:52)
	at java.lang.Thread.run(Unknown Source)
ERROR [Thread-7] 2021-05-23 13:39:39,145 repast.simphony.data2.AggregateDSCreator$ADS - Aggregate Data Source Error: Data Source 'Coverage' is non-numeric
java.lang.ClassCastException: java.util.LinkedHashSet cannot be cast to java.lang.Number
	at repast.simphony.data2.AggregateDSCreator$ObjectCalculator.calcStats(AggregateDSCreator.java:54)
	at repast.simphony.data2.AggregateDSCreator$ADS.get(AggregateDSCreator.java:111)
	at repast.simphony.data2.AggregateDataSet.record(AggregateDataSet.java:80)
	at repast.simphony.data2.AbstractDataSetManager$ScheduledDataSet.execute(AbstractDataSetManager.java:119)
	at repast.simphony.engine.schedule.DefaultAction.execute(DefaultAction.java:38)
	at repast.simphony.engine.schedule.ScheduleGroup.executeList(ScheduleGroup.java:205)
	at repast.simphony.engine.schedule.ScheduleGroup.execute(ScheduleGroup.java:238)
	at repast.simphony.engine.schedule.Schedule.execute(Schedule.java:352)
	at repast.simphony.ui.GUIScheduleRunner$ScheduleLoopRunnable.run(GUIScheduleRunner.java:52)
	at java.lang.Thread.run(Unknown Source)
ERROR [Thread-7] 2021-05-23 13:39:39,145 repast.simphony.data2.AggregateDSCreator$ADS - Aggregate Data Source Error: Data Source 'Coverage' is non-numeric
java.lang.ClassCastException: java.util.LinkedHashSet cannot be cast to java.lang.Number
	at repast.simphony.data2.AggregateDSCreator$ObjectCalculator.calcStats(AggregateDSCreator.java:54)
	at repast.simphony.data2.AggregateDSCreator$ADS.get(AggregateDSCreator.java:111)
	at repast.simphony.data2.AggregateDataSet.record(AggregateDataSet.java:80)
	at repast.simphony.data2.AbstractDataSetManager$ScheduledDataSet.execute(AbstractDataSetManager.java:119)
	at repast.simphony.engine.schedule.DefaultAction.execute(DefaultAction.java:38)
	at repast.simphony.engine.schedule.ScheduleGroup.executeList(ScheduleGroup.java:205)
	at repast.simphony.engine.schedule.ScheduleGroup.execute(ScheduleGroup.java:238)
	at repast.simphony.engine.schedule.Schedule.execute(Schedule.java:352)
	at repast.simphony.ui.GUIScheduleRunner$ScheduleLoopRunnable.run(GUIScheduleRunner.java:52)
	at java.lang.Thread.run(Unknown Source)
ERROR [Thread-7] 2021-05-23 13:39:39,155 repast.simphony.data2.AggregateDSCreator$ADS - Aggregate Data Source Error: Data Source 'Coverage' is non-numeric
java.lang.ClassCastException: java.util.LinkedHashSet cannot be cast to java.lang.Number
	at repast.simphony.data2.AggregateDSCreator$ObjectCalculator.calcStats(AggregateDSCreator.java:54)
	at repast.simphony.data2.AggregateDSCreator$ADS.get(AggregateDSCreator.java:111)
	at repast.simphony.data2.AggregateDataSet.record(AggregateDataSet.java:80)
	at repast.simphony.data2.AbstractDataSetManager$ScheduledDataSet.execute(AbstractDataSetManager.java:119)
	at repast.simphony.engine.schedule.DefaultAction.execute(DefaultAction.java:38)
	at repast.simphony.engine.schedule.ScheduleGroup.executeList(ScheduleGroup.java:205)
	at repast.simphony.engine.schedule.ScheduleGroup.execute(ScheduleGroup.java:238)
	at repast.simphony.engine.schedule.Schedule.execute(Schedule.java:352)
	at repast.simphony.ui.GUIScheduleRunner$ScheduleLoopRunnable.run(GUIScheduleRunner.java:52)
	at java.lang.Thread.run(Unknown Source)
ERROR [Thread-7] 2021-05-23 13:39:39,155 repast.simphony.data2.AggregateDSCreator$ADS - Aggregate Data Source Error: Data Source 'Coverage' is non-numeric
java.lang.ClassCastException: java.util.LinkedHashSet cannot be cast to java.lang.Number
	at repast.simphony.data2.AggregateDSCreator$ObjectCalculator.calcStats(AggregateDSCreator.java:54)
	at repast.simphony.data2.AggregateDSCreator$ADS.get(AggregateDSCreator.java:111)
	at repast.simphony.data2.AggregateDataSet.record(AggregateDataSet.java:80)
	at repast.simphony.data2.AbstractDataSetManager$ScheduledDataSet.execute(AbstractDataSetManager.java:119)
	at repast.simphony.engine.schedule.DefaultAction.execute(DefaultAction.java:38)
	at repast.simphony.engine.schedule.ScheduleGroup.executeList(ScheduleGroup.java:205)
	at repast.simphony.engine.schedule.ScheduleGroup.execute(ScheduleGroup.java:238)
	at repast.simphony.engine.schedule.Schedule.execute(Schedule.java:352)
	at repast.simphony.ui.GUIScheduleRunner$ScheduleLoopRunnable.run(GUIScheduleRunner.java:52)
	at java.lang.Thread.run(Unknown Source)
ERROR [Thread-7] 2021-05-23 13:39:39,155 repast.simphony.data2.AggregateDSCreator$ADS - Aggregate Data Source Error: Data Source 'Coverage' is non-numeric
java.lang.ClassCastException: java.util.LinkedHashSet cannot be cast to java.lang.Number
	at repast.simphony.data2.AggregateDSCreator$ObjectCalculator.calcStats(AggregateDSCreator.java:54)
	at repast.simphony.data2.AggregateDSCreator$ADS.get(AggregateDSCreator.java:111)
	at repast.simphony.data2.AggregateDataSet.record(AggregateDataSet.java:80)
	at repast.simphony.data2.AbstractDataSetManager$ScheduledDataSet.execute(AbstractDataSetManager.java:119)
	at repast.simphony.engine.schedule.DefaultAction.execute(DefaultAction.java:38)
	at repast.simphony.engine.schedule.ScheduleGroup.executeList(ScheduleGroup.java:205)
	at repast.simphony.engine.schedule.ScheduleGroup.execute(ScheduleGroup.java:238)
	at repast.simphony.engine.schedule.Schedule.execute(Schedule.java:352)
	at repast.simphony.ui.GUIScheduleRunner$ScheduleLoopRunnable.run(GUIScheduleRunner.java:52)
	at java.lang.Thread.run(Unknown Source)
ERROR [Thread-7] 2021-05-23 13:39:39,155 repast.simphony.data2.AggregateDSCreator$ADS - Aggregate Data Source Error: Data Source 'Coverage' is non-numeric
java.lang.ClassCastException: java.util.LinkedHashSet cannot be cast to java.lang.Number
	at repast.simphony.data2.AggregateDSCreator$ObjectCalculator.calcStats(AggregateDSCreator.java:54)
	at repast.simphony.data2.AggregateDSCreator$ADS.get(AggregateDSCreator.java:111)
	at repast.simphony.data2.AggregateDataSet.record(AggregateDataSet.java:80)
	at repast.simphony.data2.AbstractDataSetManager$ScheduledDataSet.execute(AbstractDataSetManager.java:119)
	at repast.simphony.engine.schedule.DefaultAction.execute(DefaultAction.java:38)
	at repast.simphony.engine.schedule.ScheduleGroup.executeList(ScheduleGroup.java:205)
	at repast.simphony.engine.schedule.ScheduleGroup.execute(ScheduleGroup.java:238)
	at repast.simphony.engine.schedule.Schedule.execute(Schedule.java:352)
	at repast.simphony.ui.GUIScheduleRunner$ScheduleLoopRunnable.run(GUIScheduleRunner.java:52)
	at java.lang.Thread.run(Unknown Source)
ERROR [Thread-7] 2021-05-23 13:39:39,155 repast.simphony.data2.AggregateDSCreator$ADS - Aggregate Data Source Error: Data Source 'Coverage' is non-numeric
java.lang.ClassCastException: java.util.LinkedHashSet cannot be cast to java.lang.Number
	at repast.simphony.data2.AggregateDSCreator$ObjectCalculator.calcStats(AggregateDSCreator.java:54)
	at repast.simphony.data2.AggregateDSCreator$ADS.get(AggregateDSCreator.java:111)
	at repast.simphony.data2.AggregateDataSet.record(AggregateDataSet.java:80)
	at repast.simphony.data2.AbstractDataSetManager$ScheduledDataSet.execute(AbstractDataSetManager.java:119)
	at repast.simphony.engine.schedule.DefaultAction.execute(DefaultAction.java:38)
	at repast.simphony.engine.schedule.ScheduleGroup.executeList(ScheduleGroup.java:205)
	at repast.simphony.engine.schedule.ScheduleGroup.execute(ScheduleGroup.java:238)
	at repast.simphony.engine.schedule.Schedule.execute(Schedule.java:352)
	at repast.simphony.ui.GUIScheduleRunner$ScheduleLoopRunnable.run(GUIScheduleRunner.java:52)
	at java.lang.Thread.run(Unknown Source)
ERROR [Thread-7] 2021-05-23 13:39:39,155 repast.simphony.data2.AggregateDSCreator$ADS - Aggregate Data Source Error: Data Source 'Coverage' is non-numeric
java.lang.ClassCastException: java.util.LinkedHashSet cannot be cast to java.lang.Number
	at repast.simphony.data2.AggregateDSCreator$ObjectCalculator.calcStats(AggregateDSCreator.java:54)
	at repast.simphony.data2.AggregateDSCreator$ADS.get(AggregateDSCreator.java:111)
	at repast.simphony.data2.AggregateDataSet.record(AggregateDataSet.java:80)
	at repast.simphony.data2.AbstractDataSetManager$ScheduledDataSet.execute(AbstractDataSetManager.java:119)
	at repast.simphony.engine.schedule.DefaultAction.execute(DefaultAction.java:38)
	at repast.simphony.engine.schedule.ScheduleGroup.executeList(ScheduleGroup.java:205)
	at repast.simphony.engine.schedule.ScheduleGroup.execute(ScheduleGroup.java:238)
	at repast.simphony.engine.schedule.Schedule.execute(Schedule.java:352)
	at repast.simphony.ui.GUIScheduleRunner$ScheduleLoopRunnable.run(GUIScheduleRunner.java:52)
	at java.lang.Thread.run(Unknown Source)
ERROR [Thread-7] 2021-05-23 13:39:39,165 repast.simphony.data2.AggregateDSCreator$ADS - Aggregate Data Source Error: Data Source 'Coverage' is non-numeric
java.lang.ClassCastException: java.util.LinkedHashSet cannot be cast to java.lang.Number
	at repast.simphony.data2.AggregateDSCreator$ObjectCalculator.calcStats(AggregateDSCreator.java:54)
	at repast.simphony.data2.AggregateDSCreator$ADS.get(AggregateDSCreator.java:111)
	at repast.simphony.data2.AggregateDataSet.record(AggregateDataSet.java:80)
	at repast.simphony.data2.AbstractDataSetManager$ScheduledDataSet.execute(AbstractDataSetManager.java:119)
	at repast.simphony.engine.schedule.DefaultAction.execute(DefaultAction.java:38)
	at repast.simphony.engine.schedule.ScheduleGroup.executeList(ScheduleGroup.java:205)
	at repast.simphony.engine.schedule.ScheduleGroup.execute(ScheduleGroup.java:238)
	at repast.simphony.engine.schedule.Schedule.execute(Schedule.java:352)
	at repast.simphony.ui.GUIScheduleRunner$ScheduleLoopRunnable.run(GUIScheduleRunner.java:52)
	at java.lang.Thread.run(Unknown Source)
ERROR [Thread-7] 2021-05-23 13:39:39,165 repast.simphony.data2.AggregateDSCreator$ADS - Aggregate Data Source Error: Data Source 'Coverage' is non-numeric
java.lang.ClassCastException: java.util.LinkedHashSet cannot be cast to java.lang.Number
	at repast.simphony.data2.AggregateDSCreator$ObjectCalculator.calcStats(AggregateDSCreator.java:54)
	at repast.simphony.data2.AggregateDSCreator$ADS.get(AggregateDSCreator.java:111)
	at repast.simphony.data2.AggregateDataSet.record(AggregateDataSet.java:80)
	at repast.simphony.data2.AbstractDataSetManager$ScheduledDataSet.execute(AbstractDataSetManager.java:119)
	at repast.simphony.engine.schedule.DefaultAction.execute(DefaultAction.java:38)
	at repast.simphony.engine.schedule.ScheduleGroup.executeList(ScheduleGroup.java:205)
	at repast.simphony.engine.schedule.ScheduleGroup.execute(ScheduleGroup.java:238)
	at repast.simphony.engine.schedule.Schedule.execute(Schedule.java:352)
	at repast.simphony.ui.GUIScheduleRunner$ScheduleLoopRunnable.run(GUIScheduleRunner.java:52)
	at java.lang.Thread.run(Unknown Source)
ERROR [Thread-7] 2021-05-23 13:39:39,165 repast.simphony.data2.AggregateDSCreator$ADS - Aggregate Data Source Error: Data Source 'Coverage' is non-numeric
java.lang.ClassCastException: java.util.LinkedHashSet cannot be cast to java.lang.Number
	at repast.simphony.data2.AggregateDSCreator$ObjectCalculator.calcStats(AggregateDSCreator.java:54)
	at repast.simphony.data2.AggregateDSCreator$ADS.get(AggregateDSCreator.java:111)
	at repast.simphony.data2.AggregateDataSet.record(AggregateDataSet.java:80)
	at repast.simphony.data2.AbstractDataSetManager$ScheduledDataSet.execute(AbstractDataSetManager.java:119)
	at repast.simphony.engine.schedule.DefaultAction.execute(DefaultAction.java:38)
	at repast.simphony.engine.schedule.ScheduleGroup.executeList(ScheduleGroup.java:205)
	at repast.simphony.engine.schedule.ScheduleGroup.execute(ScheduleGroup.java:238)
	at repast.simphony.engine.schedule.Schedule.execute(Schedule.java:352)
	at repast.simphony.ui.GUIScheduleRunner$ScheduleLoopRunnable.run(GUIScheduleRunner.java:52)
	at java.lang.Thread.run(Unknown Source)
ERROR [Thread-7] 2021-05-23 13:39:39,165 repast.simphony.data2.AggregateDSCreator$ADS - Aggregate Data Source Error: Data Source 'Coverage' is non-numeric
java.lang.ClassCastException: java.util.LinkedHashSet cannot be cast to java.lang.Number
	at repast.simphony.data2.AggregateDSCreator$ObjectCalculator.calcStats(AggregateDSCreator.java:54)
	at repast.simphony.data2.AggregateDSCreator$ADS.get(AggregateDSCreator.java:111)
	at repast.simphony.data2.AggregateDataSet.record(AggregateDataSet.java:80)
	at repast.simphony.data2.AbstractDataSetManager$ScheduledDataSet.execute(AbstractDataSetManager.java:119)
	at repast.simphony.engine.schedule.DefaultAction.execute(DefaultAction.java:38)
	at repast.simphony.engine.schedule.ScheduleGroup.executeList(ScheduleGroup.java:205)
	at repast.simphony.engine.schedule.ScheduleGroup.execute(ScheduleGroup.java:238)
	at repast.simphony.engine.schedule.Schedule.execute(Schedule.java:352)
	at repast.simphony.ui.GUIScheduleRunner$ScheduleLoopRunnable.run(GUIScheduleRunner.java:52)
	at java.lang.Thread.run(Unknown Source)
ERROR [Thread-7] 2021-05-23 13:39:39,165 repast.simphony.data2.AggregateDSCreator$ADS - Aggregate Data Source Error: Data Source 'Coverage' is non-numeric
java.lang.ClassCastException: java.util.LinkedHashSet cannot be cast to java.lang.Number
	at repast.simphony.data2.AggregateDSCreator$ObjectCalculator.calcStats(AggregateDSCreator.java:54)
	at repast.simphony.data2.AggregateDSCreator$ADS.get(AggregateDSCreator.java:111)
	at repast.simphony.data2.AggregateDataSet.record(AggregateDataSet.java:80)
	at repast.simphony.data2.AbstractDataSetManager$ScheduledDataSet.execute(AbstractDataSetManager.java:119)
	at repast.simphony.engine.schedule.DefaultAction.execute(DefaultAction.java:38)
	at repast.simphony.engine.schedule.ScheduleGroup.executeList(ScheduleGroup.java:205)
	at repast.simphony.engine.schedule.ScheduleGroup.execute(ScheduleGroup.java:238)
	at repast.simphony.engine.schedule.Schedule.execute(Schedule.java:352)
	at repast.simphony.ui.GUIScheduleRunner$ScheduleLoopRunnable.run(GUIScheduleRunner.java:52)
	at java.lang.Thread.run(Unknown Source)
ERROR [Thread-7] 2021-05-23 13:39:39,165 repast.simphony.data2.AggregateDSCreator$ADS - Aggregate Data Source Error: Data Source 'Coverage' is non-numeric
java.lang.ClassCastException: java.util.LinkedHashSet cannot be cast to java.lang.Number
	at repast.simphony.data2.AggregateDSCreator$ObjectCalculator.calcStats(AggregateDSCreator.java:54)
	at repast.simphony.data2.AggregateDSCreator$ADS.get(AggregateDSCreator.java:111)
	at repast.simphony.data2.AggregateDataSet.record(AggregateDataSet.java:80)
	at repast.simphony.data2.AbstractDataSetManager$ScheduledDataSet.execute(AbstractDataSetManager.java:119)
	at repast.simphony.engine.schedule.DefaultAction.execute(DefaultAction.java:38)
	at repast.simphony.engine.schedule.ScheduleGroup.executeList(ScheduleGroup.java:205)
	at repast.simphony.engine.schedule.ScheduleGroup.execute(ScheduleGroup.java:238)
	at repast.simphony.engine.schedule.Schedule.execute(Schedule.java:352)
	at repast.simphony.ui.GUIScheduleRunner$ScheduleLoopRunnable.run(GUIScheduleRunner.java:52)
	at java.lang.Thread.run(Unknown Source)
ERROR [Thread-7] 2021-05-23 13:39:39,165 repast.simphony.data2.AggregateDSCreator$ADS - Aggregate Data Source Error: Data Source 'Coverage' is non-numeric
java.lang.ClassCastException: java.util.LinkedHashSet cannot be cast to java.lang.Number
	at repast.simphony.data2.AggregateDSCreator$ObjectCalculator.calcStats(AggregateDSCreator.java:54)
	at repast.simphony.data2.AggregateDSCreator$ADS.get(AggregateDSCreator.java:111)
	at repast.simphony.data2.AggregateDataSet.record(AggregateDataSet.java:80)
	at repast.simphony.data2.AbstractDataSetManager$ScheduledDataSet.execute(AbstractDataSetManager.java:119)
	at repast.simphony.engine.schedule.DefaultAction.execute(DefaultAction.java:38)
	at repast.simphony.engine.schedule.ScheduleGroup.executeList(ScheduleGroup.java:205)
	at repast.simphony.engine.schedule.ScheduleGroup.execute(ScheduleGroup.java:238)
	at repast.simphony.engine.schedule.Schedule.execute(Schedule.java:352)
	at repast.simphony.ui.GUIScheduleRunner$ScheduleLoopRunnable.run(GUIScheduleRunner.java:52)
	at java.lang.Thread.run(Unknown Source)
ERROR [Thread-7] 2021-05-23 13:39:39,165 repast.simphony.data2.AggregateDSCreator$ADS - Aggregate Data Source Error: Data Source 'Coverage' is non-numeric
java.lang.ClassCastException: java.util.LinkedHashSet cannot be cast to java.lang.Number
	at repast.simphony.data2.AggregateDSCreator$ObjectCalculator.calcStats(AggregateDSCreator.java:54)
	at repast.simphony.data2.AggregateDSCreator$ADS.get(AggregateDSCreator.java:111)
	at repast.simphony.data2.AggregateDataSet.record(AggregateDataSet.java:80)
	at repast.simphony.data2.AbstractDataSetManager$ScheduledDataSet.execute(AbstractDataSetManager.java:119)
	at repast.simphony.engine.schedule.DefaultAction.execute(DefaultAction.java:38)
	at repast.simphony.engine.schedule.ScheduleGroup.executeList(ScheduleGroup.java:205)
	at repast.simphony.engine.schedule.ScheduleGroup.execute(ScheduleGroup.java:238)
	at repast.simphony.engine.schedule.Schedule.execute(Schedule.java:352)
	at repast.simphony.ui.GUIScheduleRunner$ScheduleLoopRunnable.run(GUIScheduleRunner.java:52)
	at java.lang.Thread.run(Unknown Source)
ERROR [Thread-7] 2021-05-23 13:39:39,175 repast.simphony.data2.AggregateDSCreator$ADS - Aggregate Data Source Error: Data Source 'Coverage' is non-numeric
java.lang.ClassCastException: java.util.LinkedHashSet cannot be cast to java.lang.Number
	at repast.simphony.data2.AggregateDSCreator$ObjectCalculator.calcStats(AggregateDSCreator.java:54)
	at repast.simphony.data2.AggregateDSCreator$ADS.get(AggregateDSCreator.java:111)
	at repast.simphony.data2.AggregateDataSet.record(AggregateDataSet.java:80)
	at repast.simphony.data2.AbstractDataSetManager$ScheduledDataSet.execute(AbstractDataSetManager.java:119)
	at repast.simphony.engine.schedule.DefaultAction.execute(DefaultAction.java:38)
	at repast.simphony.engine.schedule.ScheduleGroup.executeList(ScheduleGroup.java:205)
	at repast.simphony.engine.schedule.ScheduleGroup.execute(ScheduleGroup.java:238)
	at repast.simphony.engine.schedule.Schedule.execute(Schedule.java:352)
	at repast.simphony.ui.GUIScheduleRunner$ScheduleLoopRunnable.run(GUIScheduleRunner.java:52)
	at java.lang.Thread.run(Unknown Source)
ERROR [Thread-7] 2021-05-23 13:39:39,175 repast.simphony.data2.AggregateDSCreator$ADS - Aggregate Data Source Error: Data Source 'Coverage' is non-numeric
java.lang.ClassCastException: java.util.LinkedHashSet cannot be cast to java.lang.Number
	at repast.simphony.data2.AggregateDSCreator$ObjectCalculator.calcStats(AggregateDSCreator.java:54)
	at repast.simphony.data2.AggregateDSCreator$ADS.get(AggregateDSCreator.java:111)
	at repast.simphony.data2.AggregateDataSet.record(AggregateDataSet.java:80)
	at repast.simphony.data2.AbstractDataSetManager$ScheduledDataSet.execute(AbstractDataSetManager.java:119)
	at repast.simphony.engine.schedule.DefaultAction.execute(DefaultAction.java:38)
	at repast.simphony.engine.schedule.ScheduleGroup.executeList(ScheduleGroup.java:205)
	at repast.simphony.engine.schedule.ScheduleGroup.execute(ScheduleGroup.java:238)
	at repast.simphony.engine.schedule.Schedule.execute(Schedule.java:352)
	at repast.simphony.ui.GUIScheduleRunner$ScheduleLoopRunnable.run(GUIScheduleRunner.java:52)
	at java.lang.Thread.run(Unknown Source)
ERROR [Thread-7] 2021-05-23 13:39:39,175 repast.simphony.data2.AggregateDSCreator$ADS - Aggregate Data Source Error: Data Source 'Coverage' is non-numeric
java.lang.ClassCastException: java.util.LinkedHashSet cannot be cast to java.lang.Number
	at repast.simphony.data2.AggregateDSCreator$ObjectCalculator.calcStats(AggregateDSCreator.java:54)
	at repast.simphony.data2.AggregateDSCreator$ADS.get(AggregateDSCreator.java:111)
	at repast.simphony.data2.AggregateDataSet.record(AggregateDataSet.java:80)
	at repast.simphony.data2.AbstractDataSetManager$ScheduledDataSet.execute(AbstractDataSetManager.java:119)
	at repast.simphony.engine.schedule.DefaultAction.execute(DefaultAction.java:38)
	at repast.simphony.engine.schedule.ScheduleGroup.executeList(ScheduleGroup.java:205)
	at repast.simphony.engine.schedule.ScheduleGroup.execute(ScheduleGroup.java:238)
	at repast.simphony.engine.schedule.Schedule.execute(Schedule.java:352)
	at repast.simphony.ui.GUIScheduleRunner$ScheduleLoopRunnable.run(GUIScheduleRunner.java:52)
	at java.lang.Thread.run(Unknown Source)
ERROR [Thread-7] 2021-05-23 13:39:39,175 repast.simphony.data2.AggregateDSCreator$ADS - Aggregate Data Source Error: Data Source 'Coverage' is non-numeric
java.lang.ClassCastException: java.util.LinkedHashSet cannot be cast to java.lang.Number
	at repast.simphony.data2.AggregateDSCreator$ObjectCalculator.calcStats(AggregateDSCreator.java:54)
	at repast.simphony.data2.AggregateDSCreator$ADS.get(AggregateDSCreator.java:111)
	at repast.simphony.data2.AggregateDataSet.record(AggregateDataSet.java:80)
	at repast.simphony.data2.AbstractDataSetManager$ScheduledDataSet.execute(AbstractDataSetManager.java:119)
	at repast.simphony.engine.schedule.DefaultAction.execute(DefaultAction.java:38)
	at repast.simphony.engine.schedule.ScheduleGroup.executeList(ScheduleGroup.java:205)
	at repast.simphony.engine.schedule.ScheduleGroup.execute(ScheduleGroup.java:238)
	at repast.simphony.engine.schedule.Schedule.execute(Schedule.java:352)
	at repast.simphony.ui.GUIScheduleRunner$ScheduleLoopRunnable.run(GUIScheduleRunner.java:52)
	at java.lang.Thread.run(Unknown Source)
ERROR [Thread-7] 2021-05-23 13:39:39,175 repast.simphony.data2.AggregateDSCreator$ADS - Aggregate Data Source Error: Data Source 'Coverage' is non-numeric
java.lang.ClassCastException: java.util.LinkedHashSet cannot be cast to java.lang.Number
	at repast.simphony.data2.AggregateDSCreator$ObjectCalculator.calcStats(AggregateDSCreator.java:54)
	at repast.simphony.data2.AggregateDSCreator$ADS.get(AggregateDSCreator.java:111)
	at repast.simphony.data2.AggregateDataSet.record(AggregateDataSet.java:80)
	at repast.simphony.data2.AbstractDataSetManager$ScheduledDataSet.execute(AbstractDataSetManager.java:119)
	at repast.simphony.engine.schedule.DefaultAction.execute(DefaultAction.java:38)
	at repast.simphony.engine.schedule.ScheduleGroup.executeList(ScheduleGroup.java:205)
	at repast.simphony.engine.schedule.ScheduleGroup.execute(ScheduleGroup.java:238)
	at repast.simphony.engine.schedule.Schedule.execute(Schedule.java:352)
	at repast.simphony.ui.GUIScheduleRunner$ScheduleLoopRunnable.run(GUIScheduleRunner.java:52)
	at java.lang.Thread.run(Unknown Source)
ERROR [Thread-7] 2021-05-23 13:39:39,175 repast.simphony.data2.AggregateDSCreator$ADS - Aggregate Data Source Error: Data Source 'Coverage' is non-numeric
java.lang.ClassCastException: java.util.LinkedHashSet cannot be cast to java.lang.Number
	at repast.simphony.data2.AggregateDSCreator$ObjectCalculator.calcStats(AggregateDSCreator.java:54)
	at repast.simphony.data2.AggregateDSCreator$ADS.get(AggregateDSCreator.java:111)
	at repast.simphony.data2.AggregateDataSet.record(AggregateDataSet.java:80)
	at repast.simphony.data2.AbstractDataSetManager$ScheduledDataSet.execute(AbstractDataSetManager.java:119)
	at repast.simphony.engine.schedule.DefaultAction.execute(DefaultAction.java:38)
	at repast.simphony.engine.schedule.ScheduleGroup.executeList(ScheduleGroup.java:205)
	at repast.simphony.engine.schedule.ScheduleGroup.execute(ScheduleGroup.java:238)
	at repast.simphony.engine.schedule.Schedule.execute(Schedule.java:352)
	at repast.simphony.ui.GUIScheduleRunner$ScheduleLoopRunnable.run(GUIScheduleRunner.java:52)
	at java.lang.Thread.run(Unknown Source)
ERROR [Thread-7] 2021-05-23 13:39:39,175 repast.simphony.data2.AggregateDSCreator$ADS - Aggregate Data Source Error: Data Source 'Coverage' is non-numeric
java.lang.ClassCastException: java.util.LinkedHashSet cannot be cast to java.lang.Number
	at repast.simphony.data2.AggregateDSCreator$ObjectCalculator.calcStats(AggregateDSCreator.java:54)
	at repast.simphony.data2.AggregateDSCreator$ADS.get(AggregateDSCreator.java:111)
	at repast.simphony.data2.AggregateDataSet.record(AggregateDataSet.java:80)
	at repast.simphony.data2.AbstractDataSetManager$ScheduledDataSet.execute(AbstractDataSetManager.java:119)
	at repast.simphony.engine.schedule.DefaultAction.execute(DefaultAction.java:38)
	at repast.simphony.engine.schedule.ScheduleGroup.executeList(ScheduleGroup.java:205)
	at repast.simphony.engine.schedule.ScheduleGroup.execute(ScheduleGroup.java:238)
	at repast.simphony.engine.schedule.Schedule.execute(Schedule.java:352)
	at repast.simphony.ui.GUIScheduleRunner$ScheduleLoopRunnable.run(GUIScheduleRunner.java:52)
	at java.lang.Thread.run(Unknown Source)
ERROR [Thread-7] 2021-05-23 13:39:39,185 repast.simphony.data2.AggregateDSCreator$ADS - Aggregate Data Source Error: Data Source 'Coverage' is non-numeric
java.lang.ClassCastException: java.util.LinkedHashSet cannot be cast to java.lang.Number
	at repast.simphony.data2.AggregateDSCreator$ObjectCalculator.calcStats(AggregateDSCreator.java:54)
	at repast.simphony.data2.AggregateDSCreator$ADS.get(AggregateDSCreator.java:111)
	at repast.simphony.data2.AggregateDataSet.record(AggregateDataSet.java:80)
	at repast.simphony.data2.AbstractDataSetManager$ScheduledDataSet.execute(AbstractDataSetManager.java:119)
	at repast.simphony.engine.schedule.DefaultAction.execute(DefaultAction.java:38)
	at repast.simphony.engine.schedule.ScheduleGroup.executeList(ScheduleGroup.java:205)
	at repast.simphony.engine.schedule.ScheduleGroup.execute(ScheduleGroup.java:238)
	at repast.simphony.engine.schedule.Schedule.execute(Schedule.java:352)
	at repast.simphony.ui.GUIScheduleRunner$ScheduleLoopRunnable.run(GUIScheduleRunner.java:52)
	at java.lang.Thread.run(Unknown Source)
ERROR [Thread-7] 2021-05-23 13:39:39,185 repast.simphony.data2.AggregateDSCreator$ADS - Aggregate Data Source Error: Data Source 'Coverage' is non-numeric
java.lang.ClassCastException: java.util.LinkedHashSet cannot be cast to java.lang.Number
	at repast.simphony.data2.AggregateDSCreator$ObjectCalculator.calcStats(AggregateDSCreator.java:54)
	at repast.simphony.data2.AggregateDSCreator$ADS.get(AggregateDSCreator.java:111)
	at repast.simphony.data2.AggregateDataSet.record(AggregateDataSet.java:80)
	at repast.simphony.data2.AbstractDataSetManager$ScheduledDataSet.execute(AbstractDataSetManager.java:119)
	at repast.simphony.engine.schedule.DefaultAction.execute(DefaultAction.java:38)
	at repast.simphony.engine.schedule.ScheduleGroup.executeList(ScheduleGroup.java:205)
	at repast.simphony.engine.schedule.ScheduleGroup.execute(ScheduleGroup.java:238)
	at repast.simphony.engine.schedule.Schedule.execute(Schedule.java:352)
	at repast.simphony.ui.GUIScheduleRunner$ScheduleLoopRunnable.run(GUIScheduleRunner.java:52)
	at java.lang.Thread.run(Unknown Source)
ERROR [Thread-7] 2021-05-23 13:39:39,185 repast.simphony.data2.AggregateDSCreator$ADS - Aggregate Data Source Error: Data Source 'Coverage' is non-numeric
java.lang.ClassCastException: java.util.LinkedHashSet cannot be cast to java.lang.Number
	at repast.simphony.data2.AggregateDSCreator$ObjectCalculator.calcStats(AggregateDSCreator.java:54)
	at repast.simphony.data2.AggregateDSCreator$ADS.get(AggregateDSCreator.java:111)
	at repast.simphony.data2.AggregateDataSet.record(AggregateDataSet.java:80)
	at repast.simphony.data2.AbstractDataSetManager$ScheduledDataSet.execute(AbstractDataSetManager.java:119)
	at repast.simphony.engine.schedule.DefaultAction.execute(DefaultAction.java:38)
	at repast.simphony.engine.schedule.ScheduleGroup.executeList(ScheduleGroup.java:205)
	at repast.simphony.engine.schedule.ScheduleGroup.execute(ScheduleGroup.java:238)
	at repast.simphony.engine.schedule.Schedule.execute(Schedule.java:352)
	at repast.simphony.ui.GUIScheduleRunner$ScheduleLoopRunnable.run(GUIScheduleRunner.java:52)
	at java.lang.Thread.run(Unknown Source)
ERROR [Thread-7] 2021-05-23 13:39:39,185 repast.simphony.data2.AggregateDSCreator$ADS - Aggregate Data Source Error: Data Source 'Coverage' is non-numeric
java.lang.ClassCastException: java.util.LinkedHashSet cannot be cast to java.lang.Number
	at repast.simphony.data2.AggregateDSCreator$ObjectCalculator.calcStats(AggregateDSCreator.java:54)
	at repast.simphony.data2.AggregateDSCreator$ADS.get(AggregateDSCreator.java:111)
	at repast.simphony.data2.AggregateDataSet.record(AggregateDataSet.java:80)
	at repast.simphony.data2.AbstractDataSetManager$ScheduledDataSet.execute(AbstractDataSetManager.java:119)
	at repast.simphony.engine.schedule.DefaultAction.execute(DefaultAction.java:38)
	at repast.simphony.engine.schedule.ScheduleGroup.executeList(ScheduleGroup.java:205)
	at repast.simphony.engine.schedule.ScheduleGroup.execute(ScheduleGroup.java:238)
	at repast.simphony.engine.schedule.Schedule.execute(Schedule.java:352)
	at repast.simphony.ui.GUIScheduleRunner$ScheduleLoopRunnable.run(GUIScheduleRunner.java:52)
	at java.lang.Thread.run(Unknown Source)
ERROR [Thread-7] 2021-05-23 13:39:39,185 repast.simphony.data2.AggregateDSCreator$ADS - Aggregate Data Source Error: Data Source 'Coverage' is non-numeric
java.lang.ClassCastException: java.util.LinkedHashSet cannot be cast to java.lang.Number
	at repast.simphony.data2.AggregateDSCreator$ObjectCalculator.calcStats(AggregateDSCreator.java:54)
	at repast.simphony.data2.AggregateDSCreator$ADS.get(AggregateDSCreator.java:111)
	at repast.simphony.data2.AggregateDataSet.record(AggregateDataSet.java:80)
	at repast.simphony.data2.AbstractDataSetManager$ScheduledDataSet.execute(AbstractDataSetManager.java:119)
	at repast.simphony.engine.schedule.DefaultAction.execute(DefaultAction.java:38)
	at repast.simphony.engine.schedule.ScheduleGroup.executeList(ScheduleGroup.java:205)
	at repast.simphony.engine.schedule.ScheduleGroup.execute(ScheduleGroup.java:238)
	at repast.simphony.engine.schedule.Schedule.execute(Schedule.java:352)
	at repast.simphony.ui.GUIScheduleRunner$ScheduleLoopRunnable.run(GUIScheduleRunner.java:52)
	at java.lang.Thread.run(Unknown Source)
ERROR [Thread-7] 2021-05-23 13:39:39,185 repast.simphony.data2.AggregateDSCreator$ADS - Aggregate Data Source Error: Data Source 'Coverage' is non-numeric
java.lang.ClassCastException: java.util.LinkedHashSet cannot be cast to java.lang.Number
	at repast.simphony.data2.AggregateDSCreator$ObjectCalculator.calcStats(AggregateDSCreator.java:54)
	at repast.simphony.data2.AggregateDSCreator$ADS.get(AggregateDSCreator.java:111)
	at repast.simphony.data2.AggregateDataSet.record(AggregateDataSet.java:80)
	at repast.simphony.data2.AbstractDataSetManager$ScheduledDataSet.execute(AbstractDataSetManager.java:119)
	at repast.simphony.engine.schedule.DefaultAction.execute(DefaultAction.java:38)
	at repast.simphony.engine.schedule.ScheduleGroup.executeList(ScheduleGroup.java:205)
	at repast.simphony.engine.schedule.ScheduleGroup.execute(ScheduleGroup.java:238)
	at repast.simphony.engine.schedule.Schedule.execute(Schedule.java:352)
	at repast.simphony.ui.GUIScheduleRunner$ScheduleLoopRunnable.run(GUIScheduleRunner.java:52)
	at java.lang.Thread.run(Unknown Source)
ERROR [Thread-7] 2021-05-23 13:39:39,185 repast.simphony.data2.AggregateDSCreator$ADS - Aggregate Data Source Error: Data Source 'Coverage' is non-numeric
java.lang.ClassCastException: java.util.LinkedHashSet cannot be cast to java.lang.Number
	at repast.simphony.data2.AggregateDSCreator$ObjectCalculator.calcStats(AggregateDSCreator.java:54)
	at repast.simphony.data2.AggregateDSCreator$ADS.get(AggregateDSCreator.java:111)
	at repast.simphony.data2.AggregateDataSet.record(AggregateDataSet.java:80)
	at repast.simphony.data2.AbstractDataSetManager$ScheduledDataSet.execute(AbstractDataSetManager.java:119)
	at repast.simphony.engine.schedule.DefaultAction.execute(DefaultAction.java:38)
	at repast.simphony.engine.schedule.ScheduleGroup.executeList(ScheduleGroup.java:205)
	at repast.simphony.engine.schedule.ScheduleGroup.execute(ScheduleGroup.java:238)
	at repast.simphony.engine.schedule.Schedule.execute(Schedule.java:352)
	at repast.simphony.ui.GUIScheduleRunner$ScheduleLoopRunnable.run(GUIScheduleRunner.java:52)
	at java.lang.Thread.run(Unknown Source)
ERROR [Thread-7] 2021-05-23 13:39:39,185 repast.simphony.data2.AggregateDSCreator$ADS - Aggregate Data Source Error: Data Source 'Coverage' is non-numeric
java.lang.ClassCastException: java.util.LinkedHashSet cannot be cast to java.lang.Number
	at repast.simphony.data2.AggregateDSCreator$ObjectCalculator.calcStats(AggregateDSCreator.java:54)
	at repast.simphony.data2.AggregateDSCreator$ADS.get(AggregateDSCreator.java:111)
	at repast.simphony.data2.AggregateDataSet.record(AggregateDataSet.java:80)
	at repast.simphony.data2.AbstractDataSetManager$ScheduledDataSet.execute(AbstractDataSetManager.java:119)
	at repast.simphony.engine.schedule.DefaultAction.execute(DefaultAction.java:38)
	at repast.simphony.engine.schedule.ScheduleGroup.executeList(ScheduleGroup.java:205)
	at repast.simphony.engine.schedule.ScheduleGroup.execute(ScheduleGroup.java:238)
	at repast.simphony.engine.schedule.Schedule.execute(Schedule.java:352)
	at repast.simphony.ui.GUIScheduleRunner$ScheduleLoopRunnable.run(GUIScheduleRunner.java:52)
	at java.lang.Thread.run(Unknown Source)
ERROR [Thread-7] 2021-05-23 13:39:39,195 repast.simphony.data2.AggregateDSCreator$ADS - Aggregate Data Source Error: Data Source 'Coverage' is non-numeric
java.lang.ClassCastException: java.util.LinkedHashSet cannot be cast to java.lang.Number
	at repast.simphony.data2.AggregateDSCreator$ObjectCalculator.calcStats(AggregateDSCreator.java:54)
	at repast.simphony.data2.AggregateDSCreator$ADS.get(AggregateDSCreator.java:111)
	at repast.simphony.data2.AggregateDataSet.record(AggregateDataSet.java:80)
	at repast.simphony.data2.AbstractDataSetManager$ScheduledDataSet.execute(AbstractDataSetManager.java:119)
	at repast.simphony.engine.schedule.DefaultAction.execute(DefaultAction.java:38)
	at repast.simphony.engine.schedule.ScheduleGroup.executeList(ScheduleGroup.java:205)
	at repast.simphony.engine.schedule.ScheduleGroup.execute(ScheduleGroup.java:238)
	at repast.simphony.engine.schedule.Schedule.execute(Schedule.java:352)
	at repast.simphony.ui.GUIScheduleRunner$ScheduleLoopRunnable.run(GUIScheduleRunner.java:52)
	at java.lang.Thread.run(Unknown Source)
ERROR [Thread-7] 2021-05-23 13:39:39,195 repast.simphony.data2.AggregateDSCreator$ADS - Aggregate Data Source Error: Data Source 'Coverage' is non-numeric
java.lang.ClassCastException: java.util.LinkedHashSet cannot be cast to java.lang.Number
	at repast.simphony.data2.AggregateDSCreator$ObjectCalculator.calcStats(AggregateDSCreator.java:54)
	at repast.simphony.data2.AggregateDSCreator$ADS.get(AggregateDSCreator.java:111)
	at repast.simphony.data2.AggregateDataSet.record(AggregateDataSet.java:80)
	at repast.simphony.data2.AbstractDataSetManager$ScheduledDataSet.execute(AbstractDataSetManager.java:119)
	at repast.simphony.engine.schedule.DefaultAction.execute(DefaultAction.java:38)
	at repast.simphony.engine.schedule.ScheduleGroup.executeList(ScheduleGroup.java:205)
	at repast.simphony.engine.schedule.ScheduleGroup.execute(ScheduleGroup.java:238)
	at repast.simphony.engine.schedule.Schedule.execute(Schedule.java:352)
	at repast.simphony.ui.GUIScheduleRunner$ScheduleLoopRunnable.run(GUIScheduleRunner.java:52)
	at java.lang.Thread.run(Unknown Source)
ERROR [Thread-7] 2021-05-23 13:39:39,195 repast.simphony.data2.AggregateDSCreator$ADS - Aggregate Data Source Error: Data Source 'Coverage' is non-numeric
java.lang.ClassCastException: java.util.LinkedHashSet cannot be cast to java.lang.Number
	at repast.simphony.data2.AggregateDSCreator$ObjectCalculator.calcStats(AggregateDSCreator.java:54)
	at repast.simphony.data2.AggregateDSCreator$ADS.get(AggregateDSCreator.java:111)
	at repast.simphony.data2.AggregateDataSet.record(AggregateDataSet.java:80)
	at repast.simphony.data2.AbstractDataSetManager$ScheduledDataSet.execute(AbstractDataSetManager.java:119)
	at repast.simphony.engine.schedule.DefaultAction.execute(DefaultAction.java:38)
	at repast.simphony.engine.schedule.ScheduleGroup.executeList(ScheduleGroup.java:205)
	at repast.simphony.engine.schedule.ScheduleGroup.execute(ScheduleGroup.java:238)
	at repast.simphony.engine.schedule.Schedule.execute(Schedule.java:352)
	at repast.simphony.ui.GUIScheduleRunner$ScheduleLoopRunnable.run(GUIScheduleRunner.java:52)
	at java.lang.Thread.run(Unknown Source)
ERROR [Thread-7] 2021-05-23 13:39:39,195 repast.simphony.data2.AggregateDSCreator$ADS - Aggregate Data Source Error: Data Source 'Coverage' is non-numeric
java.lang.ClassCastException: java.util.LinkedHashSet cannot be cast to java.lang.Number
	at repast.simphony.data2.AggregateDSCreator$ObjectCalculator.calcStats(AggregateDSCreator.java:54)
	at repast.simphony.data2.AggregateDSCreator$ADS.get(AggregateDSCreator.java:111)
	at repast.simphony.data2.AggregateDataSet.record(AggregateDataSet.java:80)
	at repast.simphony.data2.AbstractDataSetManager$ScheduledDataSet.execute(AbstractDataSetManager.java:119)
	at repast.simphony.engine.schedule.DefaultAction.execute(DefaultAction.java:38)
	at repast.simphony.engine.schedule.ScheduleGroup.executeList(ScheduleGroup.java:205)
	at repast.simphony.engine.schedule.ScheduleGroup.execute(ScheduleGroup.java:238)
	at repast.simphony.engine.schedule.Schedule.execute(Schedule.java:352)
	at repast.simphony.ui.GUIScheduleRunner$ScheduleLoopRunnable.run(GUIScheduleRunner.java:52)
	at java.lang.Thread.run(Unknown Source)
ERROR [Thread-7] 2021-05-23 13:39:39,205 repast.simphony.data2.AggregateDSCreator$ADS - Aggregate Data Source Error: Data Source 'Coverage' is non-numeric
java.lang.ClassCastException: java.util.LinkedHashSet cannot be cast to java.lang.Number
	at repast.simphony.data2.AggregateDSCreator$ObjectCalculator.calcStats(AggregateDSCreator.java:54)
	at repast.simphony.data2.AggregateDSCreator$ADS.get(AggregateDSCreator.java:111)
	at repast.simphony.data2.AggregateDataSet.record(AggregateDataSet.java:80)
	at repast.simphony.data2.AbstractDataSetManager$ScheduledDataSet.execute(AbstractDataSetManager.java:119)
	at repast.simphony.engine.schedule.DefaultAction.execute(DefaultAction.java:38)
	at repast.simphony.engine.schedule.ScheduleGroup.executeList(ScheduleGroup.java:205)
	at repast.simphony.engine.schedule.ScheduleGroup.execute(ScheduleGroup.java:238)
	at repast.simphony.engine.schedule.Schedule.execute(Schedule.java:352)
	at repast.simphony.ui.GUIScheduleRunner$ScheduleLoopRunnable.run(GUIScheduleRunner.java:52)
	at java.lang.Thread.run(Unknown Source)
ERROR [Thread-7] 2021-05-23 13:39:39,205 repast.simphony.data2.AggregateDSCreator$ADS - Aggregate Data Source Error: Data Source 'Coverage' is non-numeric
java.lang.ClassCastException: java.util.LinkedHashSet cannot be cast to java.lang.Number
	at repast.simphony.data2.AggregateDSCreator$ObjectCalculator.calcStats(AggregateDSCreator.java:54)
	at repast.simphony.data2.AggregateDSCreator$ADS.get(AggregateDSCreator.java:111)
	at repast.simphony.data2.AggregateDataSet.record(AggregateDataSet.java:80)
	at repast.simphony.data2.AbstractDataSetManager$ScheduledDataSet.execute(AbstractDataSetManager.java:119)
	at repast.simphony.engine.schedule.DefaultAction.execute(DefaultAction.java:38)
	at repast.simphony.engine.schedule.ScheduleGroup.executeList(ScheduleGroup.java:205)
	at repast.simphony.engine.schedule.ScheduleGroup.execute(ScheduleGroup.java:238)
	at repast.simphony.engine.schedule.Schedule.execute(Schedule.java:352)
	at repast.simphony.ui.GUIScheduleRunner$ScheduleLoopRunnable.run(GUIScheduleRunner.java:52)
	at java.lang.Thread.run(Unknown Source)
ERROR [Thread-7] 2021-05-23 13:39:39,205 repast.simphony.data2.AggregateDSCreator$ADS - Aggregate Data Source Error: Data Source 'Coverage' is non-numeric
java.lang.ClassCastException: java.util.LinkedHashSet cannot be cast to java.lang.Number
	at repast.simphony.data2.AggregateDSCreator$ObjectCalculator.calcStats(AggregateDSCreator.java:54)
	at repast.simphony.data2.AggregateDSCreator$ADS.get(AggregateDSCreator.java:111)
	at repast.simphony.data2.AggregateDataSet.record(AggregateDataSet.java:80)
	at repast.simphony.data2.AbstractDataSetManager$ScheduledDataSet.execute(AbstractDataSetManager.java:119)
	at repast.simphony.engine.schedule.DefaultAction.execute(DefaultAction.java:38)
	at repast.simphony.engine.schedule.ScheduleGroup.executeList(ScheduleGroup.java:205)
	at repast.simphony.engine.schedule.ScheduleGroup.execute(ScheduleGroup.java:238)
	at repast.simphony.engine.schedule.Schedule.execute(Schedule.java:352)
	at repast.simphony.ui.GUIScheduleRunner$ScheduleLoopRunnable.run(GUIScheduleRunner.java:52)
	at java.lang.Thread.run(Unknown Source)
ERROR [Thread-7] 2021-05-23 13:39:39,205 repast.simphony.data2.AggregateDSCreator$ADS - Aggregate Data Source Error: Data Source 'Coverage' is non-numeric
java.lang.ClassCastException: java.util.LinkedHashSet cannot be cast to java.lang.Number
	at repast.simphony.data2.AggregateDSCreator$ObjectCalculator.calcStats(AggregateDSCreator.java:54)
	at repast.simphony.data2.AggregateDSCreator$ADS.get(AggregateDSCreator.java:111)
	at repast.simphony.data2.AggregateDataSet.record(AggregateDataSet.java:80)
	at repast.simphony.data2.AbstractDataSetManager$ScheduledDataSet.execute(AbstractDataSetManager.java:119)
	at repast.simphony.engine.schedule.DefaultAction.execute(DefaultAction.java:38)
	at repast.simphony.engine.schedule.ScheduleGroup.executeList(ScheduleGroup.java:205)
	at repast.simphony.engine.schedule.ScheduleGroup.execute(ScheduleGroup.java:238)
	at repast.simphony.engine.schedule.Schedule.execute(Schedule.java:352)
	at repast.simphony.ui.GUIScheduleRunner$ScheduleLoopRunnable.run(GUIScheduleRunner.java:52)
	at java.lang.Thread.run(Unknown Source)
ERROR [Thread-7] 2021-05-23 13:39:39,205 repast.simphony.data2.AggregateDSCreator$ADS - Aggregate Data Source Error: Data Source 'Coverage' is non-numeric
java.lang.ClassCastException: java.util.LinkedHashSet cannot be cast to java.lang.Number
	at repast.simphony.data2.AggregateDSCreator$ObjectCalculator.calcStats(AggregateDSCreator.java:54)
	at repast.simphony.data2.AggregateDSCreator$ADS.get(AggregateDSCreator.java:111)
	at repast.simphony.data2.AggregateDataSet.record(AggregateDataSet.java:80)
	at repast.simphony.data2.AbstractDataSetManager$ScheduledDataSet.execute(AbstractDataSetManager.java:119)
	at repast.simphony.engine.schedule.DefaultAction.execute(DefaultAction.java:38)
	at repast.simphony.engine.schedule.ScheduleGroup.executeList(ScheduleGroup.java:205)
	at repast.simphony.engine.schedule.ScheduleGroup.execute(ScheduleGroup.java:238)
	at repast.simphony.engine.schedule.Schedule.execute(Schedule.java:352)
	at repast.simphony.ui.GUIScheduleRunner$ScheduleLoopRunnable.run(GUIScheduleRunner.java:52)
	at java.lang.Thread.run(Unknown Source)
ERROR [Thread-7] 2021-05-23 13:39:39,205 repast.simphony.data2.AggregateDSCreator$ADS - Aggregate Data Source Error: Data Source 'Coverage' is non-numeric
java.lang.ClassCastException: java.util.LinkedHashSet cannot be cast to java.lang.Number
	at repast.simphony.data2.AggregateDSCreator$ObjectCalculator.calcStats(AggregateDSCreator.java:54)
	at repast.simphony.data2.AggregateDSCreator$ADS.get(AggregateDSCreator.java:111)
	at repast.simphony.data2.AggregateDataSet.record(AggregateDataSet.java:80)
	at repast.simphony.data2.AbstractDataSetManager$ScheduledDataSet.execute(AbstractDataSetManager.java:119)
	at repast.simphony.engine.schedule.DefaultAction.execute(DefaultAction.java:38)
	at repast.simphony.engine.schedule.ScheduleGroup.executeList(ScheduleGroup.java:205)
	at repast.simphony.engine.schedule.ScheduleGroup.execute(ScheduleGroup.java:238)
	at repast.simphony.engine.schedule.Schedule.execute(Schedule.java:352)
	at repast.simphony.ui.GUIScheduleRunner$ScheduleLoopRunnable.run(GUIScheduleRunner.java:52)
	at java.lang.Thread.run(Unknown Source)
ERROR [Thread-7] 2021-05-23 13:39:39,215 repast.simphony.data2.AggregateDSCreator$ADS - Aggregate Data Source Error: Data Source 'Coverage' is non-numeric
java.lang.ClassCastException: java.util.LinkedHashSet cannot be cast to java.lang.Number
	at repast.simphony.data2.AggregateDSCreator$ObjectCalculator.calcStats(AggregateDSCreator.java:54)
	at repast.simphony.data2.AggregateDSCreator$ADS.get(AggregateDSCreator.java:111)
	at repast.simphony.data2.AggregateDataSet.record(AggregateDataSet.java:80)
	at repast.simphony.data2.AbstractDataSetManager$ScheduledDataSet.execute(AbstractDataSetManager.java:119)
	at repast.simphony.engine.schedule.DefaultAction.execute(DefaultAction.java:38)
	at repast.simphony.engine.schedule.ScheduleGroup.executeList(ScheduleGroup.java:205)
	at repast.simphony.engine.schedule.ScheduleGroup.execute(ScheduleGroup.java:238)
	at repast.simphony.engine.schedule.Schedule.execute(Schedule.java:352)
	at repast.simphony.ui.GUIScheduleRunner$ScheduleLoopRunnable.run(GUIScheduleRunner.java:52)
	at java.lang.Thread.run(Unknown Source)
ERROR [Thread-7] 2021-05-23 13:39:39,215 repast.simphony.data2.AggregateDSCreator$ADS - Aggregate Data Source Error: Data Source 'Coverage' is non-numeric
java.lang.ClassCastException: java.util.LinkedHashSet cannot be cast to java.lang.Number
	at repast.simphony.data2.AggregateDSCreator$ObjectCalculator.calcStats(AggregateDSCreator.java:54)
	at repast.simphony.data2.AggregateDSCreator$ADS.get(AggregateDSCreator.java:111)
	at repast.simphony.data2.AggregateDataSet.record(AggregateDataSet.java:80)
	at repast.simphony.data2.AbstractDataSetManager$ScheduledDataSet.execute(AbstractDataSetManager.java:119)
	at repast.simphony.engine.schedule.DefaultAction.execute(DefaultAction.java:38)
	at repast.simphony.engine.schedule.ScheduleGroup.executeList(ScheduleGroup.java:205)
	at repast.simphony.engine.schedule.ScheduleGroup.execute(ScheduleGroup.java:238)
	at repast.simphony.engine.schedule.Schedule.execute(Schedule.java:352)
	at repast.simphony.ui.GUIScheduleRunner$ScheduleLoopRunnable.run(GUIScheduleRunner.java:52)
	at java.lang.Thread.run(Unknown Source)
ERROR [Thread-7] 2021-05-23 13:39:39,215 repast.simphony.data2.AggregateDSCreator$ADS - Aggregate Data Source Error: Data Source 'Coverage' is non-numeric
java.lang.ClassCastException: java.util.LinkedHashSet cannot be cast to java.lang.Number
	at repast.simphony.data2.AggregateDSCreator$ObjectCalculator.calcStats(AggregateDSCreator.java:54)
	at repast.simphony.data2.AggregateDSCreator$ADS.get(AggregateDSCreator.java:111)
	at repast.simphony.data2.AggregateDataSet.record(AggregateDataSet.java:80)
	at repast.simphony.data2.AbstractDataSetManager$ScheduledDataSet.execute(AbstractDataSetManager.java:119)
	at repast.simphony.engine.schedule.DefaultAction.execute(DefaultAction.java:38)
	at repast.simphony.engine.schedule.ScheduleGroup.executeList(ScheduleGroup.java:205)
	at repast.simphony.engine.schedule.ScheduleGroup.execute(ScheduleGroup.java:238)
	at repast.simphony.engine.schedule.Schedule.execute(Schedule.java:352)
	at repast.simphony.ui.GUIScheduleRunner$ScheduleLoopRunnable.run(GUIScheduleRunner.java:52)
	at java.lang.Thread.run(Unknown Source)
ERROR [Thread-7] 2021-05-23 13:39:39,215 repast.simphony.data2.AggregateDSCreator$ADS - Aggregate Data Source Error: Data Source 'Coverage' is non-numeric
java.lang.ClassCastException: java.util.LinkedHashSet cannot be cast to java.lang.Number
	at repast.simphony.data2.AggregateDSCreator$ObjectCalculator.calcStats(AggregateDSCreator.java:54)
	at repast.simphony.data2.AggregateDSCreator$ADS.get(AggregateDSCreator.java:111)
	at repast.simphony.data2.AggregateDataSet.record(AggregateDataSet.java:80)
	at repast.simphony.data2.AbstractDataSetManager$ScheduledDataSet.execute(AbstractDataSetManager.java:119)
	at repast.simphony.engine.schedule.DefaultAction.execute(DefaultAction.java:38)
	at repast.simphony.engine.schedule.ScheduleGroup.executeList(ScheduleGroup.java:205)
	at repast.simphony.engine.schedule.ScheduleGroup.execute(ScheduleGroup.java:238)
	at repast.simphony.engine.schedule.Schedule.execute(Schedule.java:352)
	at repast.simphony.ui.GUIScheduleRunner$ScheduleLoopRunnable.run(GUIScheduleRunner.java:52)
	at java.lang.Thread.run(Unknown Source)
ERROR [Thread-7] 2021-05-23 13:39:39,215 repast.simphony.data2.AggregateDSCreator$ADS - Aggregate Data Source Error: Data Source 'Coverage' is non-numeric
java.lang.ClassCastException: java.util.LinkedHashSet cannot be cast to java.lang.Number
	at repast.simphony.data2.AggregateDSCreator$ObjectCalculator.calcStats(AggregateDSCreator.java:54)
	at repast.simphony.data2.AggregateDSCreator$ADS.get(AggregateDSCreator.java:111)
	at repast.simphony.data2.AggregateDataSet.record(AggregateDataSet.java:80)
	at repast.simphony.data2.AbstractDataSetManager$ScheduledDataSet.execute(AbstractDataSetManager.java:119)
	at repast.simphony.engine.schedule.DefaultAction.execute(DefaultAction.java:38)
	at repast.simphony.engine.schedule.ScheduleGroup.executeList(ScheduleGroup.java:205)
	at repast.simphony.engine.schedule.ScheduleGroup.execute(ScheduleGroup.java:238)
	at repast.simphony.engine.schedule.Schedule.execute(Schedule.java:352)
	at repast.simphony.ui.GUIScheduleRunner$ScheduleLoopRunnable.run(GUIScheduleRunner.java:52)
	at java.lang.Thread.run(Unknown Source)
ERROR [Thread-7] 2021-05-23 13:39:39,215 repast.simphony.data2.AggregateDSCreator$ADS - Aggregate Data Source Error: Data Source 'Coverage' is non-numeric
java.lang.ClassCastException: java.util.LinkedHashSet cannot be cast to java.lang.Number
	at repast.simphony.data2.AggregateDSCreator$ObjectCalculator.calcStats(AggregateDSCreator.java:54)
	at repast.simphony.data2.AggregateDSCreator$ADS.get(AggregateDSCreator.java:111)
	at repast.simphony.data2.AggregateDataSet.record(AggregateDataSet.java:80)
	at repast.simphony.data2.AbstractDataSetManager$ScheduledDataSet.execute(AbstractDataSetManager.java:119)
	at repast.simphony.engine.schedule.DefaultAction.execute(DefaultAction.java:38)
	at repast.simphony.engine.schedule.ScheduleGroup.executeList(ScheduleGroup.java:205)
	at repast.simphony.engine.schedule.ScheduleGroup.execute(ScheduleGroup.java:238)
	at repast.simphony.engine.schedule.Schedule.execute(Schedule.java:352)
	at repast.simphony.ui.GUIScheduleRunner$ScheduleLoopRunnable.run(GUIScheduleRunner.java:52)
	at java.lang.Thread.run(Unknown Source)
ERROR [Thread-7] 2021-05-23 13:39:39,215 repast.simphony.data2.AggregateDSCreator$ADS - Aggregate Data Source Error: Data Source 'Coverage' is non-numeric
java.lang.ClassCastException: java.util.LinkedHashSet cannot be cast to java.lang.Number
	at repast.simphony.data2.AggregateDSCreator$ObjectCalculator.calcStats(AggregateDSCreator.java:54)
	at repast.simphony.data2.AggregateDSCreator$ADS.get(AggregateDSCreator.java:111)
	at repast.simphony.data2.AggregateDataSet.record(AggregateDataSet.java:80)
	at repast.simphony.data2.AbstractDataSetManager$ScheduledDataSet.execute(AbstractDataSetManager.java:119)
	at repast.simphony.engine.schedule.DefaultAction.execute(DefaultAction.java:38)
	at repast.simphony.engine.schedule.ScheduleGroup.executeList(ScheduleGroup.java:205)
	at repast.simphony.engine.schedule.ScheduleGroup.execute(ScheduleGroup.java:238)
	at repast.simphony.engine.schedule.Schedule.execute(Schedule.java:352)
	at repast.simphony.ui.GUIScheduleRunner$ScheduleLoopRunnable.run(GUIScheduleRunner.java:52)
	at java.lang.Thread.run(Unknown Source)
ERROR [Thread-7] 2021-05-23 13:39:39,225 repast.simphony.data2.AggregateDSCreator$ADS - Aggregate Data Source Error: Data Source 'Coverage' is non-numeric
java.lang.ClassCastException: java.util.LinkedHashSet cannot be cast to java.lang.Number
	at repast.simphony.data2.AggregateDSCreator$ObjectCalculator.calcStats(AggregateDSCreator.java:54)
	at repast.simphony.data2.AggregateDSCreator$ADS.get(AggregateDSCreator.java:111)
	at repast.simphony.data2.AggregateDataSet.record(AggregateDataSet.java:80)
	at repast.simphony.data2.AbstractDataSetManager$ScheduledDataSet.execute(AbstractDataSetManager.java:119)
	at repast.simphony.engine.schedule.DefaultAction.execute(DefaultAction.java:38)
	at repast.simphony.engine.schedule.ScheduleGroup.executeList(ScheduleGroup.java:205)
	at repast.simphony.engine.schedule.ScheduleGroup.execute(ScheduleGroup.java:238)
	at repast.simphony.engine.schedule.Schedule.execute(Schedule.java:352)
	at repast.simphony.ui.GUIScheduleRunner$ScheduleLoopRunnable.run(GUIScheduleRunner.java:52)
	at java.lang.Thread.run(Unknown Source)
ERROR [Thread-7] 2021-05-23 13:39:39,225 repast.simphony.data2.AggregateDSCreator$ADS - Aggregate Data Source Error: Data Source 'Coverage' is non-numeric
java.lang.ClassCastException: java.util.LinkedHashSet cannot be cast to java.lang.Number
	at repast.simphony.data2.AggregateDSCreator$ObjectCalculator.calcStats(AggregateDSCreator.java:54)
	at repast.simphony.data2.AggregateDSCreator$ADS.get(AggregateDSCreator.java:111)
	at repast.simphony.data2.AggregateDataSet.record(AggregateDataSet.java:80)
	at repast.simphony.data2.AbstractDataSetManager$ScheduledDataSet.execute(AbstractDataSetManager.java:119)
	at repast.simphony.engine.schedule.DefaultAction.execute(DefaultAction.java:38)
	at repast.simphony.engine.schedule.ScheduleGroup.executeList(ScheduleGroup.java:205)
	at repast.simphony.engine.schedule.ScheduleGroup.execute(ScheduleGroup.java:238)
	at repast.simphony.engine.schedule.Schedule.execute(Schedule.java:352)
	at repast.simphony.ui.GUIScheduleRunner$ScheduleLoopRunnable.run(GUIScheduleRunner.java:52)
	at java.lang.Thread.run(Unknown Source)
ERROR [Thread-7] 2021-05-23 13:39:39,225 repast.simphony.data2.AggregateDSCreator$ADS - Aggregate Data Source Error: Data Source 'Coverage' is non-numeric
java.lang.ClassCastException: java.util.LinkedHashSet cannot be cast to java.lang.Number
	at repast.simphony.data2.AggregateDSCreator$ObjectCalculator.calcStats(AggregateDSCreator.java:54)
	at repast.simphony.data2.AggregateDSCreator$ADS.get(AggregateDSCreator.java:111)
	at repast.simphony.data2.AggregateDataSet.record(AggregateDataSet.java:80)
	at repast.simphony.data2.AbstractDataSetManager$ScheduledDataSet.execute(AbstractDataSetManager.java:119)
	at repast.simphony.engine.schedule.DefaultAction.execute(DefaultAction.java:38)
	at repast.simphony.engine.schedule.ScheduleGroup.executeList(ScheduleGroup.java:205)
	at repast.simphony.engine.schedule.ScheduleGroup.execute(ScheduleGroup.java:238)
	at repast.simphony.engine.schedule.Schedule.execute(Schedule.java:352)
	at repast.simphony.ui.GUIScheduleRunner$ScheduleLoopRunnable.run(GUIScheduleRunner.java:52)
	at java.lang.Thread.run(Unknown Source)
ERROR [Thread-7] 2021-05-23 13:39:39,225 repast.simphony.data2.AggregateDSCreator$ADS - Aggregate Data Source Error: Data Source 'Coverage' is non-numeric
java.lang.ClassCastException: java.util.LinkedHashSet cannot be cast to java.lang.Number
	at repast.simphony.data2.AggregateDSCreator$ObjectCalculator.calcStats(AggregateDSCreator.java:54)
	at repast.simphony.data2.AggregateDSCreator$ADS.get(AggregateDSCreator.java:111)
	at repast.simphony.data2.AggregateDataSet.record(AggregateDataSet.java:80)
	at repast.simphony.data2.AbstractDataSetManager$ScheduledDataSet.execute(AbstractDataSetManager.java:119)
	at repast.simphony.engine.schedule.DefaultAction.execute(DefaultAction.java:38)
	at repast.simphony.engine.schedule.ScheduleGroup.executeList(ScheduleGroup.java:205)
	at repast.simphony.engine.schedule.ScheduleGroup.execute(ScheduleGroup.java:238)
	at repast.simphony.engine.schedule.Schedule.execute(Schedule.java:352)
	at repast.simphony.ui.GUIScheduleRunner$ScheduleLoopRunnable.run(GUIScheduleRunner.java:52)
	at java.lang.Thread.run(Unknown Source)
ERROR [Thread-7] 2021-05-23 13:39:39,225 repast.simphony.data2.AggregateDSCreator$ADS - Aggregate Data Source Error: Data Source 'Coverage' is non-numeric
java.lang.ClassCastException: java.util.LinkedHashSet cannot be cast to java.lang.Number
	at repast.simphony.data2.AggregateDSCreator$ObjectCalculator.calcStats(AggregateDSCreator.java:54)
	at repast.simphony.data2.AggregateDSCreator$ADS.get(AggregateDSCreator.java:111)
	at repast.simphony.data2.AggregateDataSet.record(AggregateDataSet.java:80)
	at repast.simphony.data2.AbstractDataSetManager$ScheduledDataSet.execute(AbstractDataSetManager.java:119)
	at repast.simphony.engine.schedule.DefaultAction.execute(DefaultAction.java:38)
	at repast.simphony.engine.schedule.ScheduleGroup.executeList(ScheduleGroup.java:205)
	at repast.simphony.engine.schedule.ScheduleGroup.execute(ScheduleGroup.java:238)
	at repast.simphony.engine.schedule.Schedule.execute(Schedule.java:352)
	at repast.simphony.ui.GUIScheduleRunner$ScheduleLoopRunnable.run(GUIScheduleRunner.java:52)
	at java.lang.Thread.run(Unknown Source)
ERROR [Thread-7] 2021-05-23 13:39:39,225 repast.simphony.data2.AggregateDSCreator$ADS - Aggregate Data Source Error: Data Source 'Coverage' is non-numeric
java.lang.ClassCastException: java.util.LinkedHashSet cannot be cast to java.lang.Number
	at repast.simphony.data2.AggregateDSCreator$ObjectCalculator.calcStats(AggregateDSCreator.java:54)
	at repast.simphony.data2.AggregateDSCreator$ADS.get(AggregateDSCreator.java:111)
	at repast.simphony.data2.AggregateDataSet.record(AggregateDataSet.java:80)
	at repast.simphony.data2.AbstractDataSetManager$ScheduledDataSet.execute(AbstractDataSetManager.java:119)
	at repast.simphony.engine.schedule.DefaultAction.execute(DefaultAction.java:38)
	at repast.simphony.engine.schedule.ScheduleGroup.executeList(ScheduleGroup.java:205)
	at repast.simphony.engine.schedule.ScheduleGroup.execute(ScheduleGroup.java:238)
	at repast.simphony.engine.schedule.Schedule.execute(Schedule.java:352)
	at repast.simphony.ui.GUIScheduleRunner$ScheduleLoopRunnable.run(GUIScheduleRunner.java:52)
	at java.lang.Thread.run(Unknown Source)
ERROR [Thread-7] 2021-05-23 13:39:39,225 repast.simphony.data2.AggregateDSCreator$ADS - Aggregate Data Source Error: Data Source 'Coverage' is non-numeric
java.lang.ClassCastException: java.util.LinkedHashSet cannot be cast to java.lang.Number
	at repast.simphony.data2.AggregateDSCreator$ObjectCalculator.calcStats(AggregateDSCreator.java:54)
	at repast.simphony.data2.AggregateDSCreator$ADS.get(AggregateDSCreator.java:111)
	at repast.simphony.data2.AggregateDataSet.record(AggregateDataSet.java:80)
	at repast.simphony.data2.AbstractDataSetManager$ScheduledDataSet.execute(AbstractDataSetManager.java:119)
	at repast.simphony.engine.schedule.DefaultAction.execute(DefaultAction.java:38)
	at repast.simphony.engine.schedule.ScheduleGroup.executeList(ScheduleGroup.java:205)
	at repast.simphony.engine.schedule.ScheduleGroup.execute(ScheduleGroup.java:238)
	at repast.simphony.engine.schedule.Schedule.execute(Schedule.java:352)
	at repast.simphony.ui.GUIScheduleRunner$ScheduleLoopRunnable.run(GUIScheduleRunner.java:52)
	at java.lang.Thread.run(Unknown Source)
ERROR [Thread-7] 2021-05-23 13:39:39,235 repast.simphony.data2.AggregateDSCreator$ADS - Aggregate Data Source Error: Data Source 'Coverage' is non-numeric
java.lang.ClassCastException: java.util.LinkedHashSet cannot be cast to java.lang.Number
	at repast.simphony.data2.AggregateDSCreator$ObjectCalculator.calcStats(AggregateDSCreator.java:54)
	at repast.simphony.data2.AggregateDSCreator$ADS.get(AggregateDSCreator.java:111)
	at repast.simphony.data2.AggregateDataSet.record(AggregateDataSet.java:80)
	at repast.simphony.data2.AbstractDataSetManager$ScheduledDataSet.execute(AbstractDataSetManager.java:119)
	at repast.simphony.engine.schedule.DefaultAction.execute(DefaultAction.java:38)
	at repast.simphony.engine.schedule.ScheduleGroup.executeList(ScheduleGroup.java:205)
	at repast.simphony.engine.schedule.ScheduleGroup.execute(ScheduleGroup.java:238)
	at repast.simphony.engine.schedule.Schedule.execute(Schedule.java:352)
	at repast.simphony.ui.GUIScheduleRunner$ScheduleLoopRunnable.run(GUIScheduleRunner.java:52)
	at java.lang.Thread.run(Unknown Source)
ERROR [Thread-7] 2021-05-23 13:39:39,235 repast.simphony.data2.AggregateDSCreator$ADS - Aggregate Data Source Error: Data Source 'Coverage' is non-numeric
java.lang.ClassCastException: java.util.LinkedHashSet cannot be cast to java.lang.Number
	at repast.simphony.data2.AggregateDSCreator$ObjectCalculator.calcStats(AggregateDSCreator.java:54)
	at repast.simphony.data2.AggregateDSCreator$ADS.get(AggregateDSCreator.java:111)
	at repast.simphony.data2.AggregateDataSet.record(AggregateDataSet.java:80)
	at repast.simphony.data2.AbstractDataSetManager$ScheduledDataSet.execute(AbstractDataSetManager.java:119)
	at repast.simphony.engine.schedule.DefaultAction.execute(DefaultAction.java:38)
	at repast.simphony.engine.schedule.ScheduleGroup.executeList(ScheduleGroup.java:205)
	at repast.simphony.engine.schedule.ScheduleGroup.execute(ScheduleGroup.java:238)
	at repast.simphony.engine.schedule.Schedule.execute(Schedule.java:352)
	at repast.simphony.ui.GUIScheduleRunner$ScheduleLoopRunnable.run(GUIScheduleRunner.java:52)
	at java.lang.Thread.run(Unknown Source)
ERROR [Thread-7] 2021-05-23 13:39:39,235 repast.simphony.data2.AggregateDSCreator$ADS - Aggregate Data Source Error: Data Source 'Coverage' is non-numeric
java.lang.ClassCastException: java.util.LinkedHashSet cannot be cast to java.lang.Number
	at repast.simphony.data2.AggregateDSCreator$ObjectCalculator.calcStats(AggregateDSCreator.java:54)
	at repast.simphony.data2.AggregateDSCreator$ADS.get(AggregateDSCreator.java:111)
	at repast.simphony.data2.AggregateDataSet.record(AggregateDataSet.java:80)
	at repast.simphony.data2.AbstractDataSetManager$ScheduledDataSet.execute(AbstractDataSetManager.java:119)
	at repast.simphony.engine.schedule.DefaultAction.execute(DefaultAction.java:38)
	at repast.simphony.engine.schedule.ScheduleGroup.executeList(ScheduleGroup.java:205)
	at repast.simphony.engine.schedule.ScheduleGroup.execute(ScheduleGroup.java:238)
	at repast.simphony.engine.schedule.Schedule.execute(Schedule.java:352)
	at repast.simphony.ui.GUIScheduleRunner$ScheduleLoopRunnable.run(GUIScheduleRunner.java:52)
	at java.lang.Thread.run(Unknown Source)
ERROR [Thread-7] 2021-05-23 13:39:39,235 repast.simphony.data2.AggregateDSCreator$ADS - Aggregate Data Source Error: Data Source 'Coverage' is non-numeric
java.lang.ClassCastException: java.util.LinkedHashSet cannot be cast to java.lang.Number
	at repast.simphony.data2.AggregateDSCreator$ObjectCalculator.calcStats(AggregateDSCreator.java:54)
	at repast.simphony.data2.AggregateDSCreator$ADS.get(AggregateDSCreator.java:111)
	at repast.simphony.data2.AggregateDataSet.record(AggregateDataSet.java:80)
	at repast.simphony.data2.AbstractDataSetManager$ScheduledDataSet.execute(AbstractDataSetManager.java:119)
	at repast.simphony.engine.schedule.DefaultAction.execute(DefaultAction.java:38)
	at repast.simphony.engine.schedule.ScheduleGroup.executeList(ScheduleGroup.java:205)
	at repast.simphony.engine.schedule.ScheduleGroup.execute(ScheduleGroup.java:238)
	at repast.simphony.engine.schedule.Schedule.execute(Schedule.java:352)
	at repast.simphony.ui.GUIScheduleRunner$ScheduleLoopRunnable.run(GUIScheduleRunner.java:52)
	at java.lang.Thread.run(Unknown Source)
ERROR [Thread-7] 2021-05-23 13:39:39,245 repast.simphony.data2.AggregateDSCreator$ADS - Aggregate Data Source Error: Data Source 'Coverage' is non-numeric
java.lang.ClassCastException: java.util.LinkedHashSet cannot be cast to java.lang.Number
	at repast.simphony.data2.AggregateDSCreator$ObjectCalculator.calcStats(AggregateDSCreator.java:54)
	at repast.simphony.data2.AggregateDSCreator$ADS.get(AggregateDSCreator.java:111)
	at repast.simphony.data2.AggregateDataSet.record(AggregateDataSet.java:80)
	at repast.simphony.data2.AbstractDataSetManager$ScheduledDataSet.execute(AbstractDataSetManager.java:119)
	at repast.simphony.engine.schedule.DefaultAction.execute(DefaultAction.java:38)
	at repast.simphony.engine.schedule.ScheduleGroup.executeList(ScheduleGroup.java:205)
	at repast.simphony.engine.schedule.ScheduleGroup.execute(ScheduleGroup.java:238)
	at repast.simphony.engine.schedule.Schedule.execute(Schedule.java:352)
	at repast.simphony.ui.GUIScheduleRunner$ScheduleLoopRunnable.run(GUIScheduleRunner.java:52)
	at java.lang.Thread.run(Unknown Source)
ERROR [Thread-7] 2021-05-23 13:39:39,245 repast.simphony.data2.AggregateDSCreator$ADS - Aggregate Data Source Error: Data Source 'Coverage' is non-numeric
java.lang.ClassCastException: java.util.LinkedHashSet cannot be cast to java.lang.Number
	at repast.simphony.data2.AggregateDSCreator$ObjectCalculator.calcStats(AggregateDSCreator.java:54)
	at repast.simphony.data2.AggregateDSCreator$ADS.get(AggregateDSCreator.java:111)
	at repast.simphony.data2.AggregateDataSet.record(AggregateDataSet.java:80)
	at repast.simphony.data2.AbstractDataSetManager$ScheduledDataSet.execute(AbstractDataSetManager.java:119)
	at repast.simphony.engine.schedule.DefaultAction.execute(DefaultAction.java:38)
	at repast.simphony.engine.schedule.ScheduleGroup.executeList(ScheduleGroup.java:205)
	at repast.simphony.engine.schedule.ScheduleGroup.execute(ScheduleGroup.java:238)
	at repast.simphony.engine.schedule.Schedule.execute(Schedule.java:352)
	at repast.simphony.ui.GUIScheduleRunner$ScheduleLoopRunnable.run(GUIScheduleRunner.java:52)
	at java.lang.Thread.run(Unknown Source)
ERROR [Thread-7] 2021-05-23 13:39:39,245 repast.simphony.data2.AggregateDSCreator$ADS - Aggregate Data Source Error: Data Source 'Coverage' is non-numeric
java.lang.ClassCastException: java.util.LinkedHashSet cannot be cast to java.lang.Number
	at repast.simphony.data2.AggregateDSCreator$ObjectCalculator.calcStats(AggregateDSCreator.java:54)
	at repast.simphony.data2.AggregateDSCreator$ADS.get(AggregateDSCreator.java:111)
	at repast.simphony.data2.AggregateDataSet.record(AggregateDataSet.java:80)
	at repast.simphony.data2.AbstractDataSetManager$ScheduledDataSet.execute(AbstractDataSetManager.java:119)
	at repast.simphony.engine.schedule.DefaultAction.execute(DefaultAction.java:38)
	at repast.simphony.engine.schedule.ScheduleGroup.executeList(ScheduleGroup.java:205)
	at repast.simphony.engine.schedule.ScheduleGroup.execute(ScheduleGroup.java:238)
	at repast.simphony.engine.schedule.Schedule.execute(Schedule.java:352)
	at repast.simphony.ui.GUIScheduleRunner$ScheduleLoopRunnable.run(GUIScheduleRunner.java:52)
	at java.lang.Thread.run(Unknown Source)
INFO  [AWT-EventQueue-0] 2021-05-23 18:30:02,019 repast.simphony.batch.gui.BatchConfigMediator - Writing batch run config file to: C:\Users\ha'se'e\Desktop\Bee-hive\BeeHive\output\config.props
INFO  [AWT-EventQueue-0] 2021-05-23 18:30:02,380 repast.simphony.batch.gui.BatchConfigMediator - Unrolling batch parameter file:
	C:\Users\ha'se'e\Desktop\Bee-hive\BeeHive\batch\batch_params.xml to
	C:\Users\ha'se'e\AppData\Local\Temp\unrolledParamFile.txt
INFO  [SwingWorker-pool-2-thread-1] 2021-05-23 18:30:14,591 repast.simphony.batch.ssh.LocalSession - 
	Copying locally C:\Users\ha'se'e\AppData\Local\Temp\ha'se'e_localhost676797366603578746.zip to 
C:\Users\ha'se'e\AppData\Local\Temp\simphony_model_1621760411663 ...
INFO  [SwingWorker-pool-2-thread-1] 2021-05-23 18:30:14,621 repast.simphony.batch.ssh.LocalSession - Copying Finished.
INFO  [SwingWorker-pool-2-thread-1] 2021-05-23 18:30:14,623 repast.simphony.batch.ssh.SessionsDriver - Initialization Time: 0.0493
INFO  [SwingWorker-pool-2-thread-1] 2021-05-23 18:30:14,623 repast.simphony.batch.ssh.LocalSession - Unzipping model C:\Users\ha'se'e\AppData\Local\Temp\simphony_model_1621760411663\ha'se'e_localhost676797366603578746.zip
INFO  [SwingWorker-pool-2-thread-1] 2021-05-23 18:30:15,164 repast.simphony.batch.ssh.LocalSession - Running model on localhost ...
FATAL [Thread-7] 2021-05-25 14:40:23,885 repast.simphony.ui.GUIScheduleRunner - RunTimeException when running the schedule
Current tick (119.0)
java.lang.RuntimeException: java.lang.reflect.InvocationTargetException
	at repast.simphony.engine.schedule.DynamicTargetAction.execute(DynamicTargetAction.java:72)
	at repast.simphony.engine.controller.ScheduledMethodControllerAction$ScheduleMethodAllAction.execute(ScheduledMethodControllerAction.java:336)
	at repast.simphony.engine.schedule.DefaultAction.execute(DefaultAction.java:38)
	at repast.simphony.engine.schedule.ScheduleGroup.executeList(ScheduleGroup.java:205)
	at repast.simphony.engine.schedule.ScheduleGroup.execute(ScheduleGroup.java:231)
	at repast.simphony.engine.schedule.Schedule.execute(Schedule.java:352)
	at repast.simphony.ui.GUIScheduleRunner$ScheduleLoopRunnable.run(GUIScheduleRunner.java:52)
	at java.lang.Thread.run(Unknown Source)
Caused by: java.lang.reflect.InvocationTargetException
	at beehive.relogo.UserObserver$$FastClassByCGLIB$$1700d075.invoke(<generated>)
	at net.sf.cglib.reflect.FastMethod.invoke(FastMethod.java:53)
	at repast.simphony.engine.schedule.DynamicTargetAction.execute(DynamicTargetAction.java:69)
	... 7 more
Caused by: groovy.lang.MissingPropertyException: No such property: currentFlower for class: beehive.relogo.PassiveActionBee
	at org.codehaus.groovy.runtime.ScriptBytecodeAdapter.unwrap(ScriptBytecodeAdapter.java:66)
	at org.codehaus.groovy.runtime.callsite.GetEffectivePogoPropertySite.getProperty(GetEffectivePogoPropertySite.java:87)
	at org.codehaus.groovy.runtime.callsite.AbstractCallSite.callGroovyObjectGetProperty(AbstractCallSite.java:310)
	at beehive.relogo.PassiveActionBee.step(PassiveActionBee.groovy:123)
	at beehive.relogo.PassiveActionBee$step.call(Unknown Source)
	at beehive.relogo.UserObserver.go(UserObserver.groovy:68)
	... 10 more
