2021-05-12 13:57:15,562 - Default Properties File: org\apache\velocity\runtime\defaults\velocity.properties
2021-05-12 13:57:15,562 - Trying to use logger class org.apache.velocity.runtime.log.SimpleLog4JLogSystem
2021-05-12 13:57:15,562 - Using logger class org.apache.velocity.runtime.log.SimpleLog4JLogSystem
2021-05-12 13:57:15,564 - Default ResourceManager initializing. (class org.apache.velocity.runtime.resource.ResourceManagerImpl)
2021-05-12 13:57:15,565 - Resource Loader Instantiated: org.apache.velocity.runtime.resource.loader.ClasspathResourceLoader
2021-05-12 13:57:15,565 - ClasspathResourceLoader : initialization starting.
2021-05-12 13:57:15,565 - ClasspathResourceLoader : initialization complete.
2021-05-12 13:57:15,566 - ResourceCache : initialized. (class org.apache.velocity.runtime.resource.ResourceCacheImpl)
2021-05-12 13:57:15,566 - Default ResourceManager initialization complete.
2021-05-12 13:57:15,568 - Loaded System Directive: org.apache.velocity.runtime.directive.Literal
2021-05-12 13:57:15,568 - Loaded System Directive: org.apache.velocity.runtime.directive.Macro
2021-05-12 13:57:15,570 - Loaded System Directive: org.apache.velocity.runtime.directive.Parse
2021-05-12 13:57:15,571 - Loaded System Directive: org.apache.velocity.runtime.directive.Include
2021-05-12 13:57:15,571 - Loaded System Directive: org.apache.velocity.runtime.directive.Foreach
2021-05-12 13:57:15,587 - Created: 20 parsers.
2021-05-12 13:57:15,590 - Velocimacro : initialization starting.
2021-05-12 13:57:15,591 - Velocimacro : adding VMs from VM library template : VM_global_library.vm
2021-05-12 13:57:15,592 - ResourceManager : unable to find resource 'VM_global_library.vm' in any resource loader.
2021-05-12 13:57:15,592 - Velocimacro : error using  VM library template VM_global_library.vm : org.apache.velocity.exception.ResourceNotFoundException: Unable to find resource 'VM_global_library.vm'
2021-05-12 13:57:15,592 - Velocimacro :  VM library template macro registration complete.
2021-05-12 13:57:15,592 - Velocimacro : allowInline = true : VMs can be defined inline in templates
2021-05-12 13:57:15,592 - Velocimacro : allowInlineToOverride = false : VMs defined inline may NOT replace previous VM definitions
2021-05-12 13:57:15,592 - Velocimacro : allowInlineLocal = false : VMs defined inline will be  global in scope if allowed.
2021-05-12 13:57:15,592 - Velocimacro : messages on  : VM system will output logging messages
2021-05-12 13:57:15,592 - Velocimacro : autoload off  : VM system will not automatically reload global library macros
2021-05-12 13:57:15,592 - Velocimacro : initialization complete.
2021-05-12 13:57:15,592 - Velocity successfully started.
2021-05-12 13:57:35,477 - SimpleLog4JLogSystem initialized using logfile 'velocity.log'
2021-05-12 13:57:35,478 - ************************************************************** 
2021-05-12 13:57:35,478 - Starting Jakarta Velocity v1.4
2021-05-12 13:57:35,478 - RuntimeInstance initializing.
2021-05-12 13:57:35,478 - Default Properties File: org\apache\velocity\runtime\defaults\velocity.properties
2021-05-12 13:57:35,478 - Trying to use logger class org.apache.velocity.runtime.log.SimpleLog4JLogSystem
2021-05-12 13:57:35,478 - Using logger class org.apache.velocity.runtime.log.SimpleLog4JLogSystem
2021-05-12 13:57:35,479 - Default ResourceManager initializing. (class org.apache.velocity.runtime.resource.ResourceManagerImpl)
2021-05-12 13:57:35,480 - Resource Loader Instantiated: org.apache.velocity.runtime.resource.loader.ClasspathResourceLoader
2021-05-12 13:57:35,481 - ClasspathResourceLoader : initialization starting.
2021-05-12 13:57:35,481 - ClasspathResourceLoader : initialization complete.
2021-05-12 13:57:35,481 - ResourceCache : initialized. (class org.apache.velocity.runtime.resource.ResourceCacheImpl)
2021-05-12 13:57:35,481 - Default ResourceManager initialization complete.
2021-05-12 13:57:35,482 - Loaded System Directive: org.apache.velocity.runtime.directive.Literal
2021-05-12 13:57:35,483 - Loaded System Directive: org.apache.velocity.runtime.directive.Macro
2021-05-12 13:57:35,484 - Loaded System Directive: org.apache.velocity.runtime.directive.Parse
2021-05-12 13:57:35,485 - Loaded System Directive: org.apache.velocity.runtime.directive.Include
2021-05-12 13:57:35,486 - Loaded System Directive: org.apache.velocity.runtime.directive.Foreach
2021-05-12 13:57:35,501 - Created: 20 parsers.
2021-05-12 13:57:35,505 - Velocimacro : initialization starting.
2021-05-12 13:57:35,505 - Velocimacro : adding VMs from VM library template : VM_global_library.vm
2021-05-12 13:57:35,506 - ResourceManager : unable to find resource 'VM_global_library.vm' in any resource loader.
2021-05-12 13:57:35,506 - Velocimacro : error using  VM library template VM_global_library.vm : org.apache.velocity.exception.ResourceNotFoundException: Unable to find resource 'VM_global_library.vm'
2021-05-12 13:57:35,506 - Velocimacro :  VM library template macro registration complete.
2021-05-12 13:57:35,506 - Velocimacro : allowInline = true : VMs can be defined inline in templates
2021-05-12 13:57:35,506 - Velocimacro : allowInlineToOverride = false : VMs defined inline may NOT replace previous VM definitions
2021-05-12 13:57:35,506 - Velocimacro : allowInlineLocal = false : VMs defined inline will be  global in scope if allowed.
2021-05-12 13:57:35,506 - Velocimacro : messages on  : VM system will output logging messages
2021-05-12 13:57:35,506 - Velocimacro : autoload off  : VM system will not automatically reload global library macros
2021-05-12 13:57:35,506 - Velocimacro : initialization complete.
2021-05-12 13:57:35,506 - Velocity successfully started.
2021-05-12 14:05:33,577 - SimpleLog4JLogSystem initialized using logfile 'velocity.log'
2021-05-12 14:05:33,577 - ************************************************************** 
2021-05-12 14:05:33,577 - Starting Jakarta Velocity v1.4
2021-05-12 14:05:33,577 - RuntimeInstance initializing.
2021-05-12 14:05:33,577 - Default Properties File: org\apache\velocity\runtime\defaults\velocity.properties
2021-05-12 14:05:33,577 - Trying to use logger class org.apache.velocity.runtime.log.SimpleLog4JLogSystem
2021-05-12 14:05:33,577 - Using logger class org.apache.velocity.runtime.log.SimpleLog4JLogSystem
2021-05-12 14:05:33,578 - Default ResourceManager initializing. (class org.apache.velocity.runtime.resource.ResourceManagerImpl)
2021-05-12 14:05:33,579 - Resource Loader Instantiated: org.apache.velocity.runtime.resource.loader.ClasspathResourceLoader
2021-05-12 14:05:33,579 - ClasspathResourceLoader : initialization starting.
2021-05-12 14:05:33,579 - ClasspathResourceLoader : initialization complete.
2021-05-12 14:05:33,580 - ResourceCache : initialized. (class org.apache.velocity.runtime.resource.ResourceCacheImpl)
2021-05-12 14:05:33,580 - Default ResourceManager initialization complete.
2021-05-12 14:05:33,581 - Loaded System Directive: org.apache.velocity.runtime.directive.Literal
2021-05-12 14:05:33,582 - Loaded System Directive: org.apache.velocity.runtime.directive.Macro
2021-05-12 14:05:33,583 - Loaded System Directive: org.apache.velocity.runtime.directive.Parse
2021-05-12 14:05:33,583 - Loaded System Directive: org.apache.velocity.runtime.directive.Include
2021-05-12 14:05:33,584 - Loaded System Directive: org.apache.velocity.runtime.directive.Foreach
2021-05-12 14:05:33,599 - Created: 20 parsers.
2021-05-12 14:05:33,602 - Velocimacro : initialization starting.
2021-05-12 14:05:33,602 - Velocimacro : adding VMs from VM library template : VM_global_library.vm
2021-05-12 14:05:33,603 - ResourceManager : unable to find resource 'VM_global_library.vm' in any resource loader.
2021-05-12 14:05:33,603 - Velocimacro : error using  VM library template VM_global_library.vm : org.apache.velocity.exception.ResourceNotFoundException: Unable to find resource 'VM_global_library.vm'
2021-05-12 14:05:33,603 - Velocimacro :  VM library template macro registration complete.
2021-05-12 14:05:33,603 - Velocimacro : allowInline = true : VMs can be defined inline in templates
2021-05-12 14:05:33,603 - Velocimacro : allowInlineToOverride = false : VMs defined inline may NOT replace previous VM definitions
2021-05-12 14:05:33,604 - Velocimacro : allowInlineLocal = false : VMs defined inline will be  global in scope if allowed.
2021-05-12 14:05:33,604 - Velocimacro : messages on  : VM system will output logging messages
2021-05-12 14:05:33,604 - Velocimacro : autoload off  : VM system will not automatically reload global library macros
2021-05-12 14:05:33,604 - Velocimacro : initialization complete.
2021-05-12 14:05:33,604 - Velocity successfully started.
2021-05-12 14:26:51,277 - SimpleLog4JLogSystem initialized using logfile 'velocity.log'
2021-05-12 14:26:51,278 - ************************************************************** 
2021-05-12 14:26:51,278 - Starting Jakarta Velocity v1.4
2021-05-12 14:26:51,278 - RuntimeInstance initializing.
2021-05-12 14:26:51,278 - Default Properties File: org\apache\velocity\runtime\defaults\velocity.properties
2021-05-12 14:26:51,278 - Trying to use logger class org.apache.velocity.runtime.log.SimpleLog4JLogSystem
2021-05-12 14:26:51,278 - Using logger class org.apache.velocity.runtime.log.SimpleLog4JLogSystem
2021-05-12 14:26:51,279 - Default ResourceManager initializing. (class org.apache.velocity.runtime.resource.ResourceManagerImpl)
2021-05-12 14:26:51,280 - Resource Loader Instantiated: org.apache.velocity.runtime.resource.loader.ClasspathResourceLoader
2021-05-12 14:26:51,280 - ClasspathResourceLoader : initialization starting.
2021-05-12 14:26:51,280 - ClasspathResourceLoader : initialization complete.
2021-05-12 14:26:51,281 - ResourceCache : initialized. (class org.apache.velocity.runtime.resource.ResourceCacheImpl)
2021-05-12 14:26:51,281 - Default ResourceManager initialization complete.
2021-05-12 14:26:51,282 - Loaded System Directive: org.apache.velocity.runtime.directive.Literal
2021-05-12 14:26:51,282 - Loaded System Directive: org.apache.velocity.runtime.directive.Macro
2021-05-12 14:26:51,283 - Loaded System Directive: org.apache.velocity.runtime.directive.Parse
2021-05-12 14:26:51,284 - Loaded System Directive: org.apache.velocity.runtime.directive.Include
2021-05-12 14:26:51,285 - Loaded System Directive: org.apache.velocity.runtime.directive.Foreach
2021-05-12 14:26:51,299 - Created: 20 parsers.
2021-05-12 14:26:51,302 - Velocimacro : initialization starting.
2021-05-12 14:26:51,302 - Velocimacro : adding VMs from VM library template : VM_global_library.vm
2021-05-12 14:26:51,304 - ResourceManager : unable to find resource 'VM_global_library.vm' in any resource loader.
2021-05-12 14:26:51,304 - Velocimacro : error using  VM library template VM_global_library.vm : org.apache.velocity.exception.ResourceNotFoundException: Unable to find resource 'VM_global_library.vm'
2021-05-12 14:26:51,304 - Velocimacro :  VM library template macro registration complete.
2021-05-12 14:26:51,304 - Velocimacro : allowInline = true : VMs can be defined inline in templates
2021-05-12 14:26:51,304 - Velocimacro : allowInlineToOverride = false : VMs defined inline may NOT replace previous VM definitions
2021-05-12 14:26:51,304 - Velocimacro : allowInlineLocal = false : VMs defined inline will be  global in scope if allowed.
2021-05-12 14:26:51,304 - Velocimacro : messages on  : VM system will output logging messages
2021-05-12 14:26:51,304 - Velocimacro : autoload off  : VM system will not automatically reload global library macros
2021-05-12 14:26:51,304 - Velocimacro : initialization complete.
2021-05-12 14:26:51,304 - Velocity successfully started.
2021-05-12 14:33:44,493 - SimpleLog4JLogSystem initialized using logfile 'velocity.log'
2021-05-12 14:33:44,493 - ************************************************************** 
2021-05-12 14:33:44,493 - Starting Jakarta Velocity v1.4
2021-05-12 14:33:44,493 - RuntimeInstance initializing.
2021-05-12 14:33:44,493 - Default Properties File: org\apache\velocity\runtime\defaults\velocity.properties
2021-05-12 14:33:44,493 - Trying to use logger class org.apache.velocity.runtime.log.SimpleLog4JLogSystem
2021-05-12 14:33:44,493 - Using logger class org.apache.velocity.runtime.log.SimpleLog4JLogSystem
2021-05-12 14:33:44,495 - Default ResourceManager initializing. (class org.apache.velocity.runtime.resource.ResourceManagerImpl)
2021-05-12 14:33:44,496 - Resource Loader Instantiated: org.apache.velocity.runtime.resource.loader.ClasspathResourceLoader
2021-05-12 14:33:44,496 - ClasspathResourceLoader : initialization starting.
2021-05-12 14:33:44,496 - ClasspathResourceLoader : initialization complete.
2021-05-12 14:33:44,497 - ResourceCache : initialized. (class org.apache.velocity.runtime.resource.ResourceCacheImpl)
2021-05-12 14:33:44,497 - Default ResourceManager initialization complete.
2021-05-12 14:33:44,497 - Loaded System Directive: org.apache.velocity.runtime.directive.Literal
2021-05-12 14:33:44,498 - Loaded System Directive: org.apache.velocity.runtime.directive.Macro
2021-05-12 14:33:44,499 - Loaded System Directive: org.apache.velocity.runtime.directive.Parse
2021-05-12 14:33:44,500 - Loaded System Directive: org.apache.velocity.runtime.directive.Include
2021-05-12 14:33:44,500 - Loaded System Directive: org.apache.velocity.runtime.directive.Foreach
2021-05-12 14:33:44,514 - Created: 20 parsers.
2021-05-12 14:33:44,517 - Velocimacro : initialization starting.
2021-05-12 14:33:44,518 - Velocimacro : adding VMs from VM library template : VM_global_library.vm
2021-05-12 14:33:44,519 - ResourceManager : unable to find resource 'VM_global_library.vm' in any resource loader.
2021-05-12 14:33:44,519 - Velocimacro : error using  VM library template VM_global_library.vm : org.apache.velocity.exception.ResourceNotFoundException: Unable to find resource 'VM_global_library.vm'
2021-05-12 14:33:44,519 - Velocimacro :  VM library template macro registration complete.
2021-05-12 14:33:44,519 - Velocimacro : allowInline = true : VMs can be defined inline in templates
2021-05-12 14:33:44,519 - Velocimacro : allowInlineToOverride = false : VMs defined inline may NOT replace previous VM definitions
2021-05-12 14:33:44,519 - Velocimacro : allowInlineLocal = false : VMs defined inline will be  global in scope if allowed.
2021-05-12 14:33:44,519 - Velocimacro : messages on  : VM system will output logging messages
2021-05-12 14:33:44,519 - Velocimacro : autoload off  : VM system will not automatically reload global library macros
2021-05-12 14:33:44,519 - Velocimacro : initialization complete.
2021-05-12 14:33:44,519 - Velocity successfully started.
2021-05-12 14:34:46,642 - SimpleLog4JLogSystem initialized using logfile 'velocity.log'
2021-05-12 14:34:46,642 - ************************************************************** 
2021-05-12 14:34:46,642 - Starting Jakarta Velocity v1.4
2021-05-12 14:34:46,642 - RuntimeInstance initializing.
2021-05-12 14:34:46,642 - Default Properties File: org\apache\velocity\runtime\defaults\velocity.properties
2021-05-12 14:34:46,642 - Trying to use logger class org.apache.velocity.runtime.log.SimpleLog4JLogSystem
2021-05-12 14:34:46,642 - Using logger class org.apache.velocity.runtime.log.SimpleLog4JLogSystem
2021-05-12 14:34:46,642 - Default ResourceManager initializing. (class org.apache.velocity.runtime.resource.ResourceManagerImpl)
2021-05-12 14:34:46,642 - Resource Loader Instantiated: org.apache.velocity.runtime.resource.loader.ClasspathResourceLoader
2021-05-12 14:34:46,642 - ClasspathResourceLoader : initialization starting.
2021-05-12 14:34:46,642 - ClasspathResourceLoader : initialization complete.
2021-05-12 14:34:46,642 - ResourceCache : initialized. (class org.apache.velocity.runtime.resource.ResourceCacheImpl)
2021-05-12 14:34:46,642 - Default ResourceManager initialization complete.
2021-05-12 14:34:46,642 - Loaded System Directive: org.apache.velocity.runtime.directive.Literal
2021-05-12 14:34:46,642 - Loaded System Directive: org.apache.velocity.runtime.directive.Macro
2021-05-12 14:34:46,642 - Loaded System Directive: org.apache.velocity.runtime.directive.Parse
2021-05-12 14:34:46,642 - Loaded System Directive: org.apache.velocity.runtime.directive.Include
2021-05-12 14:34:46,642 - Loaded System Directive: org.apache.velocity.runtime.directive.Foreach
2021-05-12 14:34:46,662 - Created: 20 parsers.
2021-05-12 14:34:46,662 - Velocimacro : initialization starting.
2021-05-12 14:34:46,662 - Velocimacro : adding VMs from VM library template : VM_global_library.vm
2021-05-12 14:34:46,662 - ResourceManager : unable to find resource 'VM_global_library.vm' in any resource loader.
2021-05-12 14:34:46,662 - Velocimacro : error using  VM library template VM_global_library.vm : org.apache.velocity.exception.ResourceNotFoundException: Unable to find resource 'VM_global_library.vm'
2021-05-12 14:34:46,662 - Velocimacro :  VM library template macro registration complete.
2021-05-12 14:34:46,662 - Velocimacro : allowInline = true : VMs can be defined inline in templates
2021-05-12 14:34:46,662 - Velocimacro : allowInlineToOverride = false : VMs defined inline may NOT replace previous VM definitions
2021-05-12 14:34:46,662 - Velocimacro : allowInlineLocal = false : VMs defined inline will be  global in scope if allowed.
2021-05-12 14:34:46,662 - Velocimacro : messages on  : VM system will output logging messages
2021-05-12 14:34:46,662 - Velocimacro : autoload off  : VM system will not automatically reload global library macros
2021-05-12 14:34:46,662 - Velocimacro : initialization complete.
2021-05-12 14:34:46,662 - Velocity successfully started.
2021-05-12 14:39:04,731 - SimpleLog4JLogSystem initialized using logfile 'velocity.log'
2021-05-12 14:39:04,731 - ************************************************************** 
2021-05-12 14:39:04,731 - Starting Jakarta Velocity v1.4
2021-05-12 14:39:04,731 - RuntimeInstance initializing.
2021-05-12 14:39:04,731 - Default Properties File: org\apache\velocity\runtime\defaults\velocity.properties
2021-05-12 14:39:04,731 - Trying to use logger class org.apache.velocity.runtime.log.SimpleLog4JLogSystem
2021-05-12 14:39:04,731 - Using logger class org.apache.velocity.runtime.log.SimpleLog4JLogSystem
2021-05-12 14:39:04,733 - Default ResourceManager initializing. (class org.apache.velocity.runtime.resource.ResourceManagerImpl)
2021-05-12 14:39:04,734 - Resource Loader Instantiated: org.apache.velocity.runtime.resource.loader.ClasspathResourceLoader
2021-05-12 14:39:04,734 - ClasspathResourceLoader : initialization starting.
2021-05-12 14:39:04,734 - ClasspathResourceLoader : initialization complete.
2021-05-12 14:39:04,735 - ResourceCache : initialized. (class org.apache.velocity.runtime.resource.ResourceCacheImpl)
2021-05-12 14:39:04,735 - Default ResourceManager initialization complete.
2021-05-12 14:39:04,735 - Loaded System Directive: org.apache.velocity.runtime.directive.Literal
2021-05-12 14:39:04,736 - Loaded System Directive: org.apache.velocity.runtime.directive.Macro
2021-05-12 14:39:04,737 - Loaded System Directive: org.apache.velocity.runtime.directive.Parse
2021-05-12 14:39:04,738 - Loaded System Directive: org.apache.velocity.runtime.directive.Include
2021-05-12 14:39:04,738 - Loaded System Directive: org.apache.velocity.runtime.directive.Foreach
2021-05-12 14:39:04,753 - Created: 20 parsers.
2021-05-12 14:39:04,756 - Velocimacro : initialization starting.
2021-05-12 14:39:04,756 - Velocimacro : adding VMs from VM library template : VM_global_library.vm
2021-05-12 14:39:04,757 - ResourceManager : unable to find resource 'VM_global_library.vm' in any resource loader.
2021-05-12 14:39:04,757 - Velocimacro : error using  VM library template VM_global_library.vm : org.apache.velocity.exception.ResourceNotFoundException: Unable to find resource 'VM_global_library.vm'
2021-05-12 14:39:04,757 - Velocimacro :  VM library template macro registration complete.
2021-05-12 14:39:04,757 - Velocimacro : allowInline = true : VMs can be defined inline in templates
2021-05-12 14:39:04,758 - Velocimacro : allowInlineToOverride = false : VMs defined inline may NOT replace previous VM definitions
2021-05-12 14:39:04,758 - Velocimacro : allowInlineLocal = false : VMs defined inline will be  global in scope if allowed.
2021-05-12 14:39:04,758 - Velocimacro : messages on  : VM system will output logging messages
2021-05-12 14:39:04,758 - Velocimacro : autoload off  : VM system will not automatically reload global library macros
2021-05-12 14:39:04,758 - Velocimacro : initialization complete.
2021-05-12 14:39:04,758 - Velocity successfully started.
2021-05-12 14:40:19,474 - SimpleLog4JLogSystem initialized using logfile 'velocity.log'
2021-05-12 14:40:19,475 - ************************************************************** 
2021-05-12 14:40:19,475 - Starting Jakarta Velocity v1.4
2021-05-12 14:40:19,475 - RuntimeInstance initializing.
2021-05-12 14:40:19,475 - Default Properties File: org\apache\velocity\runtime\defaults\velocity.properties
2021-05-12 14:40:19,475 - Trying to use logger class org.apache.velocity.runtime.log.SimpleLog4JLogSystem
2021-05-12 14:40:19,475 - Using logger class org.apache.velocity.runtime.log.SimpleLog4JLogSystem
2021-05-12 14:40:19,476 - Default ResourceManager initializing. (class org.apache.velocity.runtime.resource.ResourceManagerImpl)
2021-05-12 14:40:19,477 - Resource Loader Instantiated: org.apache.velocity.runtime.resource.loader.ClasspathResourceLoader
2021-05-12 14:40:19,477 - ClasspathResourceLoader : initialization starting.
2021-05-12 14:40:19,477 - ClasspathResourceLoader : initialization complete.
2021-05-12 14:40:19,478 - ResourceCache : initialized. (class org.apache.velocity.runtime.resource.ResourceCacheImpl)
2021-05-12 14:40:19,478 - Default ResourceManager initialization complete.
2021-05-12 14:40:19,479 - Loaded System Directive: org.apache.velocity.runtime.directive.Literal
2021-05-12 14:40:19,479 - Loaded System Directive: org.apache.velocity.runtime.directive.Macro
2021-05-12 14:40:19,480 - Loaded System Directive: org.apache.velocity.runtime.directive.Parse
2021-05-12 14:40:19,481 - Loaded System Directive: org.apache.velocity.runtime.directive.Include
2021-05-12 14:40:19,482 - Loaded System Directive: org.apache.velocity.runtime.directive.Foreach
2021-05-12 14:40:19,496 - Created: 20 parsers.
2021-05-12 14:40:19,499 - Velocimacro : initialization starting.
2021-05-12 14:40:19,499 - Velocimacro : adding VMs from VM library template : VM_global_library.vm
2021-05-12 14:40:19,500 - ResourceManager : unable to find resource 'VM_global_library.vm' in any resource loader.
2021-05-12 14:40:19,500 - Velocimacro : error using  VM library template VM_global_library.vm : org.apache.velocity.exception.ResourceNotFoundException: Unable to find resource 'VM_global_library.vm'
2021-05-12 14:40:19,500 - Velocimacro :  VM library template macro registration complete.
2021-05-12 14:40:19,500 - Velocimacro : allowInline = true : VMs can be defined inline in templates
2021-05-12 14:40:19,500 - Velocimacro : allowInlineToOverride = false : VMs defined inline may NOT replace previous VM definitions
2021-05-12 14:40:19,500 - Velocimacro : allowInlineLocal = false : VMs defined inline will be  global in scope if allowed.
2021-05-12 14:40:19,500 - Velocimacro : messages on  : VM system will output logging messages
2021-05-12 14:40:19,500 - Velocimacro : autoload off  : VM system will not automatically reload global library macros
2021-05-12 14:40:19,500 - Velocimacro : initialization complete.
2021-05-12 14:40:19,500 - Velocity successfully started.
2021-05-12 14:41:03,619 - SimpleLog4JLogSystem initialized using logfile 'velocity.log'
2021-05-12 14:41:03,619 - ************************************************************** 
2021-05-12 14:41:03,619 - Starting Jakarta Velocity v1.4
2021-05-12 14:41:03,619 - RuntimeInstance initializing.
2021-05-12 14:41:03,619 - Default Properties File: org\apache\velocity\runtime\defaults\velocity.properties
2021-05-12 14:41:03,619 - Trying to use logger class org.apache.velocity.runtime.log.SimpleLog4JLogSystem
2021-05-12 14:41:03,619 - Using logger class org.apache.velocity.runtime.log.SimpleLog4JLogSystem
2021-05-12 14:41:03,619 - Default ResourceManager initializing. (class org.apache.velocity.runtime.resource.ResourceManagerImpl)
2021-05-12 14:41:03,619 - Resource Loader Instantiated: org.apache.velocity.runtime.resource.loader.ClasspathResourceLoader
2021-05-12 14:41:03,619 - ClasspathResourceLoader : initialization starting.
2021-05-12 14:41:03,619 - ClasspathResourceLoader : initialization complete.
2021-05-12 14:41:03,619 - ResourceCache : initialized. (class org.apache.velocity.runtime.resource.ResourceCacheImpl)
2021-05-12 14:41:03,619 - Default ResourceManager initialization complete.
2021-05-12 14:41:03,619 - Loaded System Directive: org.apache.velocity.runtime.directive.Literal
2021-05-12 14:41:03,619 - Loaded System Directive: org.apache.velocity.runtime.directive.Macro
2021-05-12 14:41:03,619 - Loaded System Directive: org.apache.velocity.runtime.directive.Parse
2021-05-12 14:41:03,619 - Loaded System Directive: org.apache.velocity.runtime.directive.Include
2021-05-12 14:41:03,629 - Loaded System Directive: org.apache.velocity.runtime.directive.Foreach
2021-05-12 14:41:03,639 - Created: 20 parsers.
2021-05-12 14:41:03,639 - Velocimacro : initialization starting.
2021-05-12 14:41:03,639 - Velocimacro : adding VMs from VM library template : VM_global_library.vm
2021-05-12 14:41:03,639 - ResourceManager : unable to find resource 'VM_global_library.vm' in any resource loader.
2021-05-12 14:41:03,639 - Velocimacro : error using  VM library template VM_global_library.vm : org.apache.velocity.exception.ResourceNotFoundException: Unable to find resource 'VM_global_library.vm'
2021-05-12 14:41:03,639 - Velocimacro :  VM library template macro registration complete.
2021-05-12 14:41:03,639 - Velocimacro : allowInline = true : VMs can be defined inline in templates
2021-05-12 14:41:03,639 - Velocimacro : allowInlineToOverride = false : VMs defined inline may NOT replace previous VM definitions
2021-05-12 14:41:03,639 - Velocimacro : allowInlineLocal = false : VMs defined inline will be  global in scope if allowed.
2021-05-12 14:41:03,639 - Velocimacro : messages on  : VM system will output logging messages
2021-05-12 14:41:03,639 - Velocimacro : autoload off  : VM system will not automatically reload global library macros
2021-05-12 14:41:03,639 - Velocimacro : initialization complete.
2021-05-12 14:41:03,639 - Velocity successfully started.
2021-05-12 14:43:10,000 - SimpleLog4JLogSystem initialized using logfile 'velocity.log'
2021-05-12 14:43:10,000 - ************************************************************** 
2021-05-12 14:43:10,000 - Starting Jakarta Velocity v1.4
2021-05-12 14:43:10,000 - RuntimeInstance initializing.
2021-05-12 14:43:10,000 - Default Properties File: org\apache\velocity\runtime\defaults\velocity.properties
2021-05-12 14:43:10,000 - Trying to use logger class org.apache.velocity.runtime.log.SimpleLog4JLogSystem
2021-05-12 14:43:10,000 - Using logger class org.apache.velocity.runtime.log.SimpleLog4JLogSystem
2021-05-12 14:43:10,001 - Default ResourceManager initializing. (class org.apache.velocity.runtime.resource.ResourceManagerImpl)
2021-05-12 14:43:10,003 - Resource Loader Instantiated: org.apache.velocity.runtime.resource.loader.ClasspathResourceLoader
2021-05-12 14:43:10,003 - ClasspathResourceLoader : initialization starting.
2021-05-12 14:43:10,003 - ClasspathResourceLoader : initialization complete.
2021-05-12 14:43:10,003 - ResourceCache : initialized. (class org.apache.velocity.runtime.resource.ResourceCacheImpl)
2021-05-12 14:43:10,004 - Default ResourceManager initialization complete.
2021-05-12 14:43:10,004 - Loaded System Directive: org.apache.velocity.runtime.directive.Literal
2021-05-12 14:43:10,005 - Loaded System Directive: org.apache.velocity.runtime.directive.Macro
2021-05-12 14:43:10,007 - Loaded System Directive: org.apache.velocity.runtime.directive.Parse
2021-05-12 14:43:10,007 - Loaded System Directive: org.apache.velocity.runtime.directive.Include
2021-05-12 14:43:10,007 - Loaded System Directive: org.apache.velocity.runtime.directive.Foreach
2021-05-12 14:43:10,022 - Created: 20 parsers.
2021-05-12 14:43:10,025 - Velocimacro : initialization starting.
2021-05-12 14:43:10,025 - Velocimacro : adding VMs from VM library template : VM_global_library.vm
2021-05-12 14:43:10,027 - ResourceManager : unable to find resource 'VM_global_library.vm' in any resource loader.
2021-05-12 14:43:10,027 - Velocimacro : error using  VM library template VM_global_library.vm : org.apache.velocity.exception.ResourceNotFoundException: Unable to find resource 'VM_global_library.vm'
2021-05-12 14:43:10,027 - Velocimacro :  VM library template macro registration complete.
2021-05-12 14:43:10,027 - Velocimacro : allowInline = true : VMs can be defined inline in templates
2021-05-12 14:43:10,027 - Velocimacro : allowInlineToOverride = false : VMs defined inline may NOT replace previous VM definitions
2021-05-12 14:43:10,027 - Velocimacro : allowInlineLocal = false : VMs defined inline will be  global in scope if allowed.
2021-05-12 14:43:10,027 - Velocimacro : messages on  : VM system will output logging messages
2021-05-12 14:43:10,027 - Velocimacro : autoload off  : VM system will not automatically reload global library macros
2021-05-12 14:43:10,027 - Velocimacro : initialization complete.
2021-05-12 14:43:10,027 - Velocity successfully started.
2021-05-12 14:47:11,197 - SimpleLog4JLogSystem initialized using logfile 'velocity.log'
2021-05-12 14:47:11,198 - ************************************************************** 
2021-05-12 14:47:11,198 - Starting Jakarta Velocity v1.4
2021-05-12 14:47:11,198 - RuntimeInstance initializing.
2021-05-12 14:47:11,198 - Default Properties File: org\apache\velocity\runtime\defaults\velocity.properties
2021-05-12 14:47:11,198 - Trying to use logger class org.apache.velocity.runtime.log.SimpleLog4JLogSystem
2021-05-12 14:47:11,198 - Using logger class org.apache.velocity.runtime.log.SimpleLog4JLogSystem
2021-05-12 14:47:11,199 - Default ResourceManager initializing. (class org.apache.velocity.runtime.resource.ResourceManagerImpl)
2021-05-12 14:47:11,200 - Resource Loader Instantiated: org.apache.velocity.runtime.resource.loader.ClasspathResourceLoader
2021-05-12 14:47:11,200 - ClasspathResourceLoader : initialization starting.
2021-05-12 14:47:11,200 - ClasspathResourceLoader : initialization complete.
2021-05-12 14:47:11,201 - ResourceCache : initialized. (class org.apache.velocity.runtime.resource.ResourceCacheImpl)
2021-05-12 14:47:11,201 - Default ResourceManager initialization complete.
2021-05-12 14:47:11,202 - Loaded System Directive: org.apache.velocity.runtime.directive.Literal
2021-05-12 14:47:11,202 - Loaded System Directive: org.apache.velocity.runtime.directive.Macro
2021-05-12 14:47:11,204 - Loaded System Directive: org.apache.velocity.runtime.directive.Parse
2021-05-12 14:47:11,204 - Loaded System Directive: org.apache.velocity.runtime.directive.Include
2021-05-12 14:47:11,205 - Loaded System Directive: org.apache.velocity.runtime.directive.Foreach
2021-05-12 14:47:11,219 - Created: 20 parsers.
2021-05-12 14:47:11,222 - Velocimacro : initialization starting.
2021-05-12 14:47:11,222 - Velocimacro : adding VMs from VM library template : VM_global_library.vm
2021-05-12 14:47:11,223 - ResourceManager : unable to find resource 'VM_global_library.vm' in any resource loader.
2021-05-12 14:47:11,223 - Velocimacro : error using  VM library template VM_global_library.vm : org.apache.velocity.exception.ResourceNotFoundException: Unable to find resource 'VM_global_library.vm'
2021-05-12 14:47:11,223 - Velocimacro :  VM library template macro registration complete.
2021-05-12 14:47:11,223 - Velocimacro : allowInline = true : VMs can be defined inline in templates
2021-05-12 14:47:11,223 - Velocimacro : allowInlineToOverride = false : VMs defined inline may NOT replace previous VM definitions
2021-05-12 14:47:11,223 - Velocimacro : allowInlineLocal = false : VMs defined inline will be  global in scope if allowed.
2021-05-12 14:47:11,223 - Velocimacro : messages on  : VM system will output logging messages
2021-05-12 14:47:11,223 - Velocimacro : autoload off  : VM system will not automatically reload global library macros
2021-05-12 14:47:11,223 - Velocimacro : initialization complete.
2021-05-12 14:47:11,223 - Velocity successfully started.
